<html>
<head>
<title>TestNG:  Test</title>
<link href="../testng.css" rel="stylesheet" type="text/css" />
<link href="../my-testng.css" rel="stylesheet" type="text/css" />

<style type="text/css">
.log { display: none;} 
.stack-trace { display: none;} 
</style>
<script type="text/javascript">
<!--
function flip(e) {
  current = e.style.display;
  if (current == 'block') {
    e.style.display = 'none';
    return 0;
  }
  else {
    e.style.display = 'block';
    return 1;
  }
}

function toggleBox(szDivId, elem, msg1, msg2)
{
  var res = -1;  if (document.getElementById) {
    res = flip(document.getElementById(szDivId));
  }
  else if (document.all) {
    // this is the way old msie versions work
    res = flip(document.all[szDivId]);
  }
  if(elem) {
    if(res == 0) elem.innerHTML = msg1; else elem.innerHTML = msg2;
  }

}

function toggleAllBoxes() {
  if (document.getElementsByTagName) {
    d = document.getElementsByTagName('div');
    for (i = 0; i < d.length; i++) {
      if (d[i].className == 'log') {
        flip(d[i]);
      }
    }
  }
}

// -->
</script>

</head>
<body>
<h2 align='center'>Test</h2><table border='1' align="center">
<tr>
<td>Tests passed/Failed/Skipped:</td><td>38/1/3</td>
</tr><tr>
<td>Started on:</td><td>Sun Jul 13 13:08:17 CEST 2025</td>
</tr>
<tr><td>Total time:</td><td>630 seconds (630637 ms)</td>
</tr><tr>
<td>Included groups:</td><td></td>
</tr><tr>
<td>Excluded groups:</td><td></td>
</tr>
</table><p/>
<small><i>(Hover the method name to see the test class name)</i></small><p/>
<table width='100%' border='1' class='invocation-failed'>
<tr><td colspan='4' align='center'><b>FAILED TESTS</b></td></tr>
<tr><td><b>Test method</b></td>
<td><b>Attribute(s)</b></td>
<td width="30%"><b>Exception</b></td>
<td width="10%"><b>Time (seconds)</b></td>
<td><b>Instance</b></td>
</tr>
<tr>
<td title='tests.negativeTests.RegisterInvalidTests.registerWithEmptyConfirmPasswordField()'><b>registerWithEmptyConfirmPasswordField</b><br>Test class: tests.negativeTests.RegisterInvalidTests<br>Test method: Registration with empty confirmpassword field</td>
<td><div><pre>org.openqa.selenium.TimeoutException: Expected condition failed: waiting for visibility of Proxy element for: DefaultElementLocator &apos;By.cssSelector: span[data-valmsg-for=&apos;ConfirmPassword&apos;] &gt; span&apos; (tried for 10 second(s) with 500 milliseconds interval)
	at org.openqa.selenium.support.ui.WebDriverWait.timeoutException(WebDriverWait.java:84)
	at org.openqa.selenium.support.ui.FluentWait.until(FluentWait.java:228)
	at demowebshop.base.BasePage.waitForElementToBeVisible(BasePage.java:63)
	at pages.RegisterPage.getConfirmPasswordWarningMessageText(RegisterPage.java:184)
	at tests.negativeTests.RegisterInvalidTests.registerWithEmptyConfirmPasswordField(RegisterInvalidTests.java:188)
	at java.base/java.util.ArrayList.forEach(ArrayList.java:1597)
Caused by: org.openqa.selenium.NoSuchElementException: no such element: Unable to locate element: {&quot;method&quot;:&quot;css selector&quot;,&quot;selector&quot;:&quot;span[data-valmsg-for=&apos;ConfirmPassword&apos;] &gt; span&quot;}
  (Session info: chrome=138.0.7204.101)
For documentation on this error, please visit: https://www.selenium.dev/documentation/webdriver/troubleshooting/errors#no-such-element-exception
Build info: version: &apos;4.34.0&apos;, revision: &apos;707dcb4246*&apos;
System info: os.name: &apos;Windows 11&apos;, os.arch: &apos;amd64&apos;, os.version: &apos;10.0&apos;, java.version: &apos;23.0.1&apos;
Driver info: org.openqa.selenium.chrome.ChromeDriver
Command: [8c69df5c88856de65c7167221de313a5, findElement {using=css selector, value=span[data-valmsg-for=&apos;ConfirmPassword&apos;] &gt; span}]
Capabilities {acceptInsecureCerts: false, browserName: chrome, browserVersion: 138.0.7204.101, chrome: {chromedriverVersion: 138.0.7204.94 (545025748884..., userDataDir: C:\Users\Veronika\AppData\L...}, fedcm:accounts: true, goog:chromeOptions: {debuggerAddress: localhost:51590}, networkConnectionEnabled: false, pageLoadStrategy: normal, platformName: windows, proxy: Proxy(), se:cdp: ws://localhost:51590/devtoo..., se:cdpVersion: 138.0.7204.101, setWindowRect: true, strictFileInteractability: false, timeouts: {implicit: 0, pageLoad: 300000, script: 30000}, unhandledPromptBehavior: dismiss and notify, webauthn:extension:credBlob: true, webauthn:extension:largeBlob: true, webauthn:extension:minPinLength: true, webauthn:extension:prf: true, webauthn:virtualAuthenticators: true}
Session ID: 8c69df5c88856de65c7167221de313a5
	at org.openqa.selenium.remote.ErrorCodec.decode(ErrorCodec.java:167)
	at org.openqa.selenium.remote.codec.w3c.W3CHttpResponseCodec.decode(W3CHttpResponseCodec.java:138)
	at org.openqa.selenium.remote.codec.w3c.W3CHttpResponseCodec.decode(W3CHttpResponseCodec.java:50)
	at org.openqa.selenium.remote.HttpCommandExecutor.execute(HttpCommandExecutor.java:215)
	at org.openqa.selenium.remote.service.DriverCommandExecutor.invokeExecute(DriverCommandExecutor.java:216)
	at org.openqa.selenium.remote.service.DriverCommandExecutor.execute(DriverCommandExecutor.java:174)
	at org.openqa.selenium.remote.RemoteWebDriver.execute(RemoteWebDriver.java:544)
	at org.openqa.selenium.remote.ElementLocation$ElementFinder$2.findElement(ElementLocation.java:165)
	at org.openqa.selenium.remote.ElementLocation.findElement(ElementLocation.java:59)
	at org.openqa.selenium.remote.RemoteWebDriver.findElement(RemoteWebDriver.java:367)
	at org.openqa.selenium.remote.RemoteWebDriver.findElement(RemoteWebDriver.java:361)
	at org.openqa.selenium.support.pagefactory.DefaultElementLocator.findElement(DefaultElementLocator.java:68)
	at org.openqa.selenium.support.pagefactory.internal.LocatingElementHandler.invoke(LocatingElementHandler.java:38)
	at jdk.proxy2/jdk.proxy2.$Proxy29.isDisplayed(Unknown Source)
	at org.openqa.selenium.support.ui.ExpectedConditions.elementIfVisible(ExpectedConditions.java:304)
	at org.openqa.selenium.support.ui.ExpectedConditions$10.apply(ExpectedConditions.java:290)
	at org.openqa.selenium.support.ui.ExpectedConditions$10.apply(ExpectedConditions.java:287)
	at org.openqa.selenium.support.ui.FluentWait.until(FluentWait.java:203)
	... 29 more
... Removed 28 stack frames</pre></div><a href='#' onClick='toggleBox("stack-trace523839133", this, "Click to show all stack frames", "Click to hide stack frames")'>Click to show all stack frames</a>
<div class='stack-trace' id='stack-trace523839133'><pre>org.openqa.selenium.TimeoutException: Expected condition failed: waiting for visibility of Proxy element for: DefaultElementLocator &apos;By.cssSelector: span[data-valmsg-for=&apos;ConfirmPassword&apos;] &gt; span&apos; (tried for 10 second(s) with 500 milliseconds interval)
	at org.openqa.selenium.support.ui.WebDriverWait.timeoutException(WebDriverWait.java:84)
	at org.openqa.selenium.support.ui.FluentWait.until(FluentWait.java:228)
	at demowebshop.base.BasePage.waitForElementToBeVisible(BasePage.java:63)
	at pages.RegisterPage.getConfirmPasswordWarningMessageText(RegisterPage.java:184)
	at tests.negativeTests.RegisterInvalidTests.registerWithEmptyConfirmPasswordField(RegisterInvalidTests.java:188)
	at java.base/jdk.internal.reflect.DirectMethodHandleAccessor.invoke(DirectMethodHandleAccessor.java:103)
	at java.base/java.lang.reflect.Method.invoke(Method.java:580)
	at org.testng.internal.invokers.MethodInvocationHelper.invokeMethod(MethodInvocationHelper.java:141)
	at org.testng.internal.invokers.TestInvoker.invokeMethod(TestInvoker.java:687)
	at org.testng.internal.invokers.TestInvoker.retryFailed(TestInvoker.java:269)
	at org.testng.internal.invokers.MethodRunner.runInSequence(MethodRunner.java:76)
	at org.testng.internal.invokers.TestInvoker$MethodInvocationAgent.invoke(TestInvoker.java:995)
	at org.testng.internal.invokers.TestInvoker.invokeTestMethods(TestInvoker.java:203)
	at org.testng.internal.invokers.TestMethodWorker.invokeTestMethods(TestMethodWorker.java:154)
	at org.testng.internal.invokers.TestMethodWorker.run(TestMethodWorker.java:134)
	at java.base/java.util.ArrayList.forEach(ArrayList.java:1597)
	at org.testng.TestRunner.privateRun(TestRunner.java:741)
	at org.testng.TestRunner.run(TestRunner.java:616)
	at org.testng.SuiteRunner.runTest(SuiteRunner.java:421)
	at org.testng.SuiteRunner.runSequentially(SuiteRunner.java:413)
	at org.testng.SuiteRunner.privateRun(SuiteRunner.java:373)
	at org.testng.SuiteRunner.run(SuiteRunner.java:312)
	at org.testng.SuiteRunnerWorker.runSuite(SuiteRunnerWorker.java:52)
	at org.testng.SuiteRunnerWorker.run(SuiteRunnerWorker.java:95)
	at org.testng.TestNG.runSuitesSequentially(TestNG.java:1274)
	at org.testng.TestNG.runSuitesLocally(TestNG.java:1208)
	at org.testng.TestNG.runSuites(TestNG.java:1112)
	at org.testng.TestNG.run(TestNG.java:1079)
	at org.testng.remote.AbstractRemoteTestNG.run(AbstractRemoteTestNG.java:115)
	at org.testng.remote.RemoteTestNG.initAndRun(RemoteTestNG.java:293)
	at org.testng.remote.RemoteTestNG.main(RemoteTestNG.java:91)
Caused by: org.openqa.selenium.NoSuchElementException: no such element: Unable to locate element: {&quot;method&quot;:&quot;css selector&quot;,&quot;selector&quot;:&quot;span[data-valmsg-for=&apos;ConfirmPassword&apos;] &gt; span&quot;}
  (Session info: chrome=138.0.7204.101)
For documentation on this error, please visit: https://www.selenium.dev/documentation/webdriver/troubleshooting/errors#no-such-element-exception
Build info: version: &apos;4.34.0&apos;, revision: &apos;707dcb4246*&apos;
System info: os.name: &apos;Windows 11&apos;, os.arch: &apos;amd64&apos;, os.version: &apos;10.0&apos;, java.version: &apos;23.0.1&apos;
Driver info: org.openqa.selenium.chrome.ChromeDriver
Command: [8c69df5c88856de65c7167221de313a5, findElement {using=css selector, value=span[data-valmsg-for=&apos;ConfirmPassword&apos;] &gt; span}]
Capabilities {acceptInsecureCerts: false, browserName: chrome, browserVersion: 138.0.7204.101, chrome: {chromedriverVersion: 138.0.7204.94 (545025748884..., userDataDir: C:\Users\Veronika\AppData\L...}, fedcm:accounts: true, goog:chromeOptions: {debuggerAddress: localhost:51590}, networkConnectionEnabled: false, pageLoadStrategy: normal, platformName: windows, proxy: Proxy(), se:cdp: ws://localhost:51590/devtoo..., se:cdpVersion: 138.0.7204.101, setWindowRect: true, strictFileInteractability: false, timeouts: {implicit: 0, pageLoad: 300000, script: 30000}, unhandledPromptBehavior: dismiss and notify, webauthn:extension:credBlob: true, webauthn:extension:largeBlob: true, webauthn:extension:minPinLength: true, webauthn:extension:prf: true, webauthn:virtualAuthenticators: true}
Session ID: 8c69df5c88856de65c7167221de313a5
	at java.base/jdk.internal.reflect.DirectConstructorHandleAccessor.newInstance(DirectConstructorHandleAccessor.java:62)
	at java.base/java.lang.reflect.Constructor.newInstanceWithCaller(Constructor.java:501)
	at java.base/java.lang.reflect.Constructor.newInstance(Constructor.java:485)
	at org.openqa.selenium.remote.ErrorCodec.decode(ErrorCodec.java:167)
	at org.openqa.selenium.remote.codec.w3c.W3CHttpResponseCodec.decode(W3CHttpResponseCodec.java:138)
	at org.openqa.selenium.remote.codec.w3c.W3CHttpResponseCodec.decode(W3CHttpResponseCodec.java:50)
	at org.openqa.selenium.remote.HttpCommandExecutor.execute(HttpCommandExecutor.java:215)
	at org.openqa.selenium.remote.service.DriverCommandExecutor.invokeExecute(DriverCommandExecutor.java:216)
	at org.openqa.selenium.remote.service.DriverCommandExecutor.execute(DriverCommandExecutor.java:174)
	at org.openqa.selenium.remote.RemoteWebDriver.execute(RemoteWebDriver.java:544)
	at org.openqa.selenium.remote.ElementLocation$ElementFinder$2.findElement(ElementLocation.java:165)
	at org.openqa.selenium.remote.ElementLocation.findElement(ElementLocation.java:59)
	at org.openqa.selenium.remote.RemoteWebDriver.findElement(RemoteWebDriver.java:367)
	at org.openqa.selenium.remote.RemoteWebDriver.findElement(RemoteWebDriver.java:361)
	at org.openqa.selenium.support.pagefactory.DefaultElementLocator.findElement(DefaultElementLocator.java:68)
	at org.openqa.selenium.support.pagefactory.internal.LocatingElementHandler.invoke(LocatingElementHandler.java:38)
	at jdk.proxy2/jdk.proxy2.$Proxy29.isDisplayed(Unknown Source)
	at org.openqa.selenium.support.ui.ExpectedConditions.elementIfVisible(ExpectedConditions.java:304)
	at org.openqa.selenium.support.ui.ExpectedConditions$10.apply(ExpectedConditions.java:290)
	at org.openqa.selenium.support.ui.ExpectedConditions$10.apply(ExpectedConditions.java:287)
	at org.openqa.selenium.support.ui.FluentWait.until(FluentWait.java:203)
	... 29 more
</pre></div></td>
<td>31</td>
<td>tests.negativeTests.RegisterInvalidTests@1fc0053e</td></tr>
</table><p>
<table width='100%' border='1' class='invocation-passed'>
<tr><td colspan='4' align='center'><b>PASSED TESTS</b></td></tr>
<tr><td><b>Test method</b></td>
<td><b>Attribute(s)</b></td>
<td width="30%"><b>Exception</b></td>
<td width="10%"><b>Time (seconds)</b></td>
<td><b>Instance</b></td>
</tr>
<tr>
<td title='tests.positiveTests.EndToEndShoppingFlowAfterRegistrationTest.shouldVerifyPrefilledBillingFieldsAndEnterRemainingInformationAfterRegistration()'><b>shouldVerifyPrefilledBillingFieldsAndEnterRemainingInformationAfterRegistration</b><br>Test class: tests.positiveTests.EndToEndShoppingFlowAfterRegistrationTest<br>Test method: Billing information after user registration</td>
<td></td>
<td>5</td>
<td>tests.positiveTests.EndToEndShoppingFlowAfterRegistrationTest@2c177f9e</td></tr>
<tr>
<td title='tests.positiveTests.EndToEndShoppingFlowAfterLoginTest.shouldVerifyPrefilledBillingFieldsAfterLogin()'><b>shouldVerifyPrefilledBillingFieldsAfterLogin</b><br>Test class: tests.positiveTests.EndToEndShoppingFlowAfterLoginTest<br>Test method: Billing information</td>
<td></td>
<td>3</td>
<td>tests.positiveTests.EndToEndShoppingFlowAfterLoginTest@5db4c359</td></tr>
<tr>
<td title='tests.negativeTests.LoginInvalidTests.loginWithInvalidCredentialsTest()'><b>loginWithInvalidCredentialsTest</b><br>Test class: tests.negativeTests.LoginInvalidTests<br>Test method: Login with invalid or empty credentials<br>Parameters: , Test1234!, Login with empty email + valid password, [Ljava.lang.String;@454706f2</td>
<td></td>
<td>0</td>
<td>tests.negativeTests.LoginInvalidTests@47874b25</td></tr>
<tr>
<td title='tests.negativeTests.LoginInvalidTests.loginWithInvalidCredentialsTest()'><b>loginWithInvalidCredentialsTest</b><br>Test class: tests.negativeTests.LoginInvalidTests<br>Test method: Login with invalid or empty credentials<br>Parameters: , , Login with empty credentials, [Ljava.lang.String;@313cdbb1</td>
<td></td>
<td>0</td>
<td>tests.negativeTests.LoginInvalidTests@47874b25</td></tr>
<tr>
<td title='tests.negativeTests.LoginInvalidTests.loginWithInvalidCredentialsTest()'><b>loginWithInvalidCredentialsTest</b><br>Test class: tests.negativeTests.LoginInvalidTests<br>Test method: Login with invalid or empty credentials<br>Parameters: veronika.test9@test.sk, djf, Login with valid email + too short password, [Ljava.lang.String;@114b28ee</td>
<td></td>
<td>0</td>
<td>tests.negativeTests.LoginInvalidTests@47874b25</td></tr>
<tr>
<td title='tests.positiveTests.EndToEndShoppingFlowAfterRegistrationTest.shouldEstimateShippingAndDisplayCorrectTotalsAfterRegistration()'><b>shouldEstimateShippingAndDisplayCorrectTotalsAfterRegistration</b><br>Test class: tests.positiveTests.EndToEndShoppingFlowAfterRegistrationTest<br>Test method: Estimate shipping and check totals after user registration</td>
<td></td>
<td>3</td>
<td>tests.positiveTests.EndToEndShoppingFlowAfterRegistrationTest@2c177f9e</td></tr>
<tr>
<td title='tests.positiveTests.EndToEndShoppingFlowAfterLoginTest.selectShippingMethodAfterLogin()'><b>selectShippingMethodAfterLogin</b><br>Test class: tests.positiveTests.EndToEndShoppingFlowAfterLoginTest<br>Test method: Shipping method selection</td>
<td></td>
<td>4</td>
<td>tests.positiveTests.EndToEndShoppingFlowAfterLoginTest@5db4c359</td></tr>
<tr>
<td title='tests.positiveTests.EndToEndShoppingFlowAfterRegistrationTest.verifyPrefilledShippingInformationAfterRegistration()'><b>verifyPrefilledShippingInformationAfterRegistration</b><br>Test class: tests.positiveTests.EndToEndShoppingFlowAfterRegistrationTest<br>Test method: Shipping information after user registration</td>
<td></td>
<td>4</td>
<td>tests.positiveTests.EndToEndShoppingFlowAfterRegistrationTest@2c177f9e</td></tr>
<tr>
<td title='tests.negativeTests.RegisterInvalidTests.registerWithEmptyCredentials()'><b>registerWithEmptyCredentials</b><br>Test class: tests.negativeTests.RegisterInvalidTests<br>Test method: Test with empty credentials</td>
<td></td>
<td>0</td>
<td>tests.negativeTests.RegisterInvalidTests@1fc0053e</td></tr>
<tr>
<td title='tests.positiveTests.EndToEndShoppingFlowAfterRegistrationTest.checkConfirmOrderDetailsAfterRegistration()'><b>checkConfirmOrderDetailsAfterRegistration</b><br>Test class: tests.positiveTests.EndToEndShoppingFlowAfterRegistrationTest<br>Test method: Confirm order details content</td>
<td></td>
<td>17</td>
<td>tests.positiveTests.EndToEndShoppingFlowAfterRegistrationTest@2c177f9e</td></tr>
<tr>
<td title='tests.positiveTests.AddProductToCartAfterLoginTest.addOneProductToCart_ValidProduct()'><b>addOneProductToCart_ValidProduct</b><br>Test class: tests.positiveTests.AddProductToCartAfterLoginTest<br>Test method: Add one valid product with id 13 to cart after login</td>
<td></td>
<td>1</td>
<td>tests.positiveTests.AddProductToCartAfterLoginTest@33617539</td></tr>
<tr>
<td title='tests.negativeTests.LoginInvalidTests.loginWithInvalidCredentialsTest()'><b>loginWithInvalidCredentialsTest</b><br>Test class: tests.negativeTests.LoginInvalidTests<br>Test method: Login with invalid or empty credentials<br>Parameters: veronika.test9@test.sk, !@#$%^&*, Valid email + password with only special characters, [Ljava.lang.String;@107d6bd8</td>
<td></td>
<td>0</td>
<td>tests.negativeTests.LoginInvalidTests@47874b25</td></tr>
<tr>
<td title='tests.positiveTests.EndToEndShoppingFlowAfterRegistrationTest.shouldDisplayCorrectProductDetailsAfterRegistration()'><b>shouldDisplayCorrectProductDetailsAfterRegistration</b><br>Test class: tests.positiveTests.EndToEndShoppingFlowAfterRegistrationTest<br>Test method: Check shopping cart details after user registration</td>
<td></td>
<td>1</td>
<td>tests.positiveTests.EndToEndShoppingFlowAfterRegistrationTest@2c177f9e</td></tr>
<tr>
<td title='tests.positiveTests.EndToEndShoppingFlowAfterLoginTest.verifyOrderCompletionAfterLogin()'><b>verifyOrderCompletionAfterLogin</b><br>Test class: tests.positiveTests.EndToEndShoppingFlowAfterLoginTest<br>Test method: Order completion</td>
<td></td>
<td>17</td>
<td>tests.positiveTests.EndToEndShoppingFlowAfterLoginTest@5db4c359</td></tr>
<tr>
<td title='tests.negativeTests.LoginInvalidTests.loginWithInvalidCredentialsTest()'><b>loginWithInvalidCredentialsTest</b><br>Test class: tests.negativeTests.LoginInvalidTests<br>Test method: Login with invalid or empty credentials<br>Parameters: veron@tes.sk, 1254, Login with invalid email format + invalid too short password, [Ljava.lang.String;@6df09fb3</td>
<td></td>
<td>0</td>
<td>tests.negativeTests.LoginInvalidTests@47874b25</td></tr>
<tr>
<td title='tests.positiveTests.LoginPositiveTest.loginWithValidCredentialsShouldSucceed()'><b>loginWithValidCredentialsShouldSucceed</b><br>Test class: tests.positiveTests.LoginPositiveTest<br>Test method: Valid user login with correct data</td>
<td></td>
<td>1</td>
<td>tests.positiveTests.LoginPositiveTest@290b1b2e</td></tr>
<tr>
<td title='tests.positiveTests.EndToEndShoppingFlowAfterRegistrationTest.selectShippingMethodAfterRegistration()'><b>selectShippingMethodAfterRegistration</b><br>Test class: tests.positiveTests.EndToEndShoppingFlowAfterRegistrationTest<br>Test method: User selects shipping method</td>
<td></td>
<td>5</td>
<td>tests.positiveTests.EndToEndShoppingFlowAfterRegistrationTest@2c177f9e</td></tr>
<tr>
<td title='tests.positiveTests.EndToEndShoppingFlowAfterLoginTest.checkConfirmOrderDetailsAfterLogin()'><b>checkConfirmOrderDetailsAfterLogin</b><br>Test class: tests.positiveTests.EndToEndShoppingFlowAfterLoginTest<br>Test method: Confirm order details</td>
<td></td>
<td>16</td>
<td>tests.positiveTests.EndToEndShoppingFlowAfterLoginTest@5db4c359</td></tr>
<tr>
<td title='tests.negativeTests.LoginInvalidTests.loginWithInvalidCredentialsTest()'><b>loginWithInvalidCredentialsTest</b><br>Test class: tests.negativeTests.LoginInvalidTests<br>Test method: Login with invalid or empty credentials<br>Parameters: veronika.test9@test.sk, Tes t12! , Valid email + password with space inside, [Ljava.lang.String;@3ac620ef</td>
<td></td>
<td>0</td>
<td>tests.negativeTests.LoginInvalidTests@47874b25</td></tr>
<tr>
<td title='tests.positiveTests.EndToEndShoppingFlowAfterLoginTest.verifyPrefilledShippingInformationAfterLogin()'><b>verifyPrefilledShippingInformationAfterLogin</b><br>Test class: tests.positiveTests.EndToEndShoppingFlowAfterLoginTest<br>Test method: Shipping information</td>
<td></td>
<td>3</td>
<td>tests.positiveTests.EndToEndShoppingFlowAfterLoginTest@5db4c359</td></tr>
<tr>
<td title='tests.negativeTests.LoginInvalidTests.loginWithInvalidCredentialsTest()'><b>loginWithInvalidCredentialsTest</b><br>Test class: tests.negativeTests.LoginInvalidTests<br>Test method: Login with invalid or empty credentials<br>Parameters: veronika.test9@test.sk, aaaaaaaaaaaaaaaaaaaaaaaaaaaaaaaaaaaaaaaaaaaaaaaaaaaaaaaaaaaaaaaaaaaaaaaaaaaaaaaaaaaaaaaaaaaaaaaaaaaaa, Login with valid email + too long password, [Ljava.lang.String;@72026301</td>
<td></td>
<td>0</td>
<td>tests.negativeTests.LoginInvalidTests@47874b25</td></tr>
<tr>
<td title='tests.negativeTests.RegisterInvalidTests.registerWithEmptyLastNameField()'><b>registerWithEmptyLastNameField</b><br>Test class: tests.negativeTests.RegisterInvalidTests<br>Test method: Registration with empty lastname field</td>
<td></td>
<td>40</td>
<td>tests.negativeTests.RegisterInvalidTests@1fc0053e</td></tr>
<tr>
<td title='tests.positiveTests.EndToEndShoppingFlowAfterLoginTest.shouldEstimateShippingAndDisplayCorrectTotalsAfterLogin()'><b>shouldEstimateShippingAndDisplayCorrectTotalsAfterLogin</b><br>Test class: tests.positiveTests.EndToEndShoppingFlowAfterLoginTest<br>Test method: Estimate shipping and check totals after login</td>
<td></td>
<td>2</td>
<td>tests.positiveTests.EndToEndShoppingFlowAfterLoginTest@5db4c359</td></tr>
<tr>
<td title='tests.negativeTests.LoginInvalidTests.loginWithInvalidCredentialsTest()'><b>loginWithInvalidCredentialsTest</b><br>Test class: tests.negativeTests.LoginInvalidTests<br>Test method: Login with invalid or empty credentials<br>Parameters: veronika.test9@test.sk, , Login with valid email + empty password, [Ljava.lang.String;@95ae532</td>
<td></td>
<td>0</td>
<td>tests.negativeTests.LoginInvalidTests@47874b25</td></tr>
<tr>
<td title='tests.positiveTests.EndToEndShoppingFlowAfterRegistrationTest.verifyOrderCompletionAfterRegistration()'><b>verifyOrderCompletionAfterRegistration</b><br>Test class: tests.positiveTests.EndToEndShoppingFlowAfterRegistrationTest<br>Test method: Order completion after user registration</td>
<td></td>
<td>17</td>
<td>tests.positiveTests.EndToEndShoppingFlowAfterRegistrationTest@2c177f9e</td></tr>
<tr>
<td title='tests.positiveTests.EndToEndShoppingFlowAfterLoginTest.verifyPaymentInformationAfterLogin()'><b>verifyPaymentInformationAfterLogin</b><br>Test class: tests.positiveTests.EndToEndShoppingFlowAfterLoginTest<br>Test method: Payment information verification</td>
<td></td>
<td>6</td>
<td>tests.positiveTests.EndToEndShoppingFlowAfterLoginTest@5db4c359</td></tr>
<tr>
<td title='tests.negativeTests.LoginInvalidTests.loginWithInvalidCredentialsTest()'><b>loginWithInvalidCredentialsTest</b><br>Test class: tests.negativeTests.LoginInvalidTests<br>Test method: Login with invalid or empty credentials<br>Parameters: veronika.test9@test.sk,         , Valid email + password with only spaces, [Ljava.lang.String;@60beeead</td>
<td></td>
<td>0</td>
<td>tests.negativeTests.LoginInvalidTests@47874b25</td></tr>
<tr>
<td title='tests.negativeTests.RegisterInvalidTests.registerWithEmptyFirstNameField()'><b>registerWithEmptyFirstNameField</b><br>Test class: tests.negativeTests.RegisterInvalidTests<br>Test method: Registration with empty firstname field</td>
<td></td>
<td>40</td>
<td>tests.negativeTests.RegisterInvalidTests@1fc0053e</td></tr>
<tr>
<td title='tests.positiveTests.EndToEndShoppingFlowAfterRegistrationTest.selectPaymentMethodAfterRegistration()'><b>selectPaymentMethodAfterRegistration</b><br>Test class: tests.positiveTests.EndToEndShoppingFlowAfterRegistrationTest<br>Test method: Payment method selection after user registration</td>
<td></td>
<td>5</td>
<td>tests.positiveTests.EndToEndShoppingFlowAfterRegistrationTest@2c177f9e</td></tr>
<tr>
<td title='tests.positiveTests.EndToEndShoppingFlowAfterLoginTest.testSubmitOrderAndCheckoutUrl()'><b>testSubmitOrderAndCheckoutUrl</b><br>Test class: tests.positiveTests.EndToEndShoppingFlowAfterLoginTest<br>Test method: Submit order and check checkout URL</td>
<td></td>
<td>2</td>
<td>tests.positiveTests.EndToEndShoppingFlowAfterLoginTest@5db4c359</td></tr>
<tr>
<td title='tests.negativeTests.RegisterInvalidTests.registerWithEmptyPasswordField()'><b>registerWithEmptyPasswordField</b><br>Test class: tests.negativeTests.RegisterInvalidTests<br>Test method: Registration with empty password field</td>
<td></td>
<td>30</td>
<td>tests.negativeTests.RegisterInvalidTests@1fc0053e</td></tr>
<tr>
<td title='tests.positiveTests.RegisterValidTest.testValidRegistration()'><b>testValidRegistration</b><br>Test class: tests.positiveTests.RegisterValidTest<br>Test method: Valid user registration with correct data</td>
<td></td>
<td>2</td>
<td>tests.positiveTests.RegisterValidTest@3f23a3a0</td></tr>
<tr>
<td title='tests.negativeTests.LoginInvalidTests.loginWithInvalidCredentialsTest()'><b>loginWithInvalidCredentialsTest</b><br>Test class: tests.negativeTests.LoginInvalidTests<br>Test method: Login with invalid or empty credentials<br>Parameters: veronika.test9@test.sk, PasswordOnly, Login with valid email + password missing digits, [Ljava.lang.String;@6bf46b0d</td>
<td></td>
<td>0</td>
<td>tests.negativeTests.LoginInvalidTests@47874b25</td></tr>
<tr>
<td title='tests.negativeTests.LoginInvalidTests.loginWithInvalidCredentialsTest()'><b>loginWithInvalidCredentialsTest</b><br>Test class: tests.negativeTests.LoginInvalidTests<br>Test method: Login with invalid or empty credentials<br>Parameters: veronika.test9@test.sk, 12345678, Login with valid email + password missing letters, [Ljava.lang.String;@a8f1719</td>
<td></td>
<td>1</td>
<td>tests.negativeTests.LoginInvalidTests@47874b25</td></tr>
<tr>
<td title='tests.negativeTests.RegisterInvalidTests.registerWithEmptyEmailField()'><b>registerWithEmptyEmailField</b><br>Test class: tests.negativeTests.RegisterInvalidTests<br>Test method: Registration with empty email field</td>
<td></td>
<td>40</td>
<td>tests.negativeTests.RegisterInvalidTests@1fc0053e</td></tr>
<tr>
<td title='tests.positiveTests.EndToEndShoppingFlowAfterLoginTest.selectPaymentMethodAfterLogin()'><b>selectPaymentMethodAfterLogin</b><br>Test class: tests.positiveTests.EndToEndShoppingFlowAfterLoginTest<br>Test method: Payment method selection</td>
<td></td>
<td>5</td>
<td>tests.positiveTests.EndToEndShoppingFlowAfterLoginTest@5db4c359</td></tr>
<tr>
<td title='tests.positiveTests.EndToEndShoppingFlowAfterRegistrationTest.verifyPaymentInformationAfterRegistration()'><b>verifyPaymentInformationAfterRegistration</b><br>Test class: tests.positiveTests.EndToEndShoppingFlowAfterRegistrationTest<br>Test method: Verify payment info content</td>
<td></td>
<td>6</td>
<td>tests.positiveTests.EndToEndShoppingFlowAfterRegistrationTest@2c177f9e</td></tr>
<tr>
<td title='tests.positiveTests.EndToEndShoppingFlowAfterLoginTest.shouldDisplayCorrectProductDetailsAfterLogin()'><b>shouldDisplayCorrectProductDetailsAfterLogin</b><br>Test class: tests.positiveTests.EndToEndShoppingFlowAfterLoginTest<br>Test method: Check shopping cart details after login</td>
<td></td>
<td>1</td>
<td>tests.positiveTests.EndToEndShoppingFlowAfterLoginTest@5db4c359</td></tr>
</table><p>
<table width='100%' border='1' class='invocation-skipped'>
<tr><td colspan='4' align='center'><b>SKIPPED TESTS</b></td></tr>
<tr><td><b>Test method</b></td>
<td><b>Attribute(s)</b></td>
<td width="30%"><b>Exception</b></td>
<td width="10%"><b>Time (seconds)</b></td>
<td><b>Instance</b></td>
</tr>
<tr>
<td title='tests.negativeTests.RegisterInvalidTests.registerWithEmptyConfirmPasswordField()'><b>registerWithEmptyConfirmPasswordField</b><br>Test class: tests.negativeTests.RegisterInvalidTests<br>Test method: Registration with empty confirmpassword field</td>
<td><div><pre>org.openqa.selenium.TimeoutException: Expected condition failed: waiting for visibility of Proxy element for: DefaultElementLocator &apos;By.cssSelector: span[data-valmsg-for=&apos;ConfirmPassword&apos;] &gt; span&apos; (tried for 10 second(s) with 500 milliseconds interval)
	at org.openqa.selenium.support.ui.WebDriverWait.timeoutException(WebDriverWait.java:84)
	at org.openqa.selenium.support.ui.FluentWait.until(FluentWait.java:228)
	at demowebshop.base.BasePage.waitForElementToBeVisible(BasePage.java:63)
	at pages.RegisterPage.getConfirmPasswordWarningMessageText(RegisterPage.java:184)
	at tests.negativeTests.RegisterInvalidTests.registerWithEmptyConfirmPasswordField(RegisterInvalidTests.java:188)
	at java.base/java.util.ArrayList.forEach(ArrayList.java:1597)
Caused by: org.openqa.selenium.NoSuchElementException: no such element: Unable to locate element: {&quot;method&quot;:&quot;css selector&quot;,&quot;selector&quot;:&quot;span[data-valmsg-for=&apos;ConfirmPassword&apos;] &gt; span&quot;}
  (Session info: chrome=138.0.7204.101)
For documentation on this error, please visit: https://www.selenium.dev/documentation/webdriver/troubleshooting/errors#no-such-element-exception
Build info: version: &apos;4.34.0&apos;, revision: &apos;707dcb4246*&apos;
System info: os.name: &apos;Windows 11&apos;, os.arch: &apos;amd64&apos;, os.version: &apos;10.0&apos;, java.version: &apos;23.0.1&apos;
Driver info: org.openqa.selenium.chrome.ChromeDriver
Command: [9fa95a6701a7f0491975c16a5f68f777, findElement {using=css selector, value=span[data-valmsg-for=&apos;ConfirmPassword&apos;] &gt; span}]
Capabilities {acceptInsecureCerts: false, browserName: chrome, browserVersion: 138.0.7204.101, chrome: {chromedriverVersion: 138.0.7204.94 (545025748884..., userDataDir: C:\Users\Veronika\AppData\L...}, fedcm:accounts: true, goog:chromeOptions: {debuggerAddress: localhost:51500}, networkConnectionEnabled: false, pageLoadStrategy: normal, platformName: windows, proxy: Proxy(), se:cdp: ws://localhost:51500/devtoo..., se:cdpVersion: 138.0.7204.101, setWindowRect: true, strictFileInteractability: false, timeouts: {implicit: 0, pageLoad: 300000, script: 30000}, unhandledPromptBehavior: dismiss and notify, webauthn:extension:credBlob: true, webauthn:extension:largeBlob: true, webauthn:extension:minPinLength: true, webauthn:extension:prf: true, webauthn:virtualAuthenticators: true}
Session ID: 9fa95a6701a7f0491975c16a5f68f777
	at org.openqa.selenium.remote.ErrorCodec.decode(ErrorCodec.java:167)
	at org.openqa.selenium.remote.codec.w3c.W3CHttpResponseCodec.decode(W3CHttpResponseCodec.java:138)
	at org.openqa.selenium.remote.codec.w3c.W3CHttpResponseCodec.decode(W3CHttpResponseCodec.java:50)
	at org.openqa.selenium.remote.HttpCommandExecutor.execute(HttpCommandExecutor.java:215)
	at org.openqa.selenium.remote.service.DriverCommandExecutor.invokeExecute(DriverCommandExecutor.java:216)
	at org.openqa.selenium.remote.service.DriverCommandExecutor.execute(DriverCommandExecutor.java:174)
	at org.openqa.selenium.remote.RemoteWebDriver.execute(RemoteWebDriver.java:544)
	at org.openqa.selenium.remote.ElementLocation$ElementFinder$2.findElement(ElementLocation.java:165)
	at org.openqa.selenium.remote.ElementLocation.findElement(ElementLocation.java:59)
	at org.openqa.selenium.remote.RemoteWebDriver.findElement(RemoteWebDriver.java:367)
	at org.openqa.selenium.remote.RemoteWebDriver.findElement(RemoteWebDriver.java:361)
	at org.openqa.selenium.support.pagefactory.DefaultElementLocator.findElement(DefaultElementLocator.java:68)
	at org.openqa.selenium.support.pagefactory.internal.LocatingElementHandler.invoke(LocatingElementHandler.java:38)
	at jdk.proxy2/jdk.proxy2.$Proxy29.isDisplayed(Unknown Source)
	at org.openqa.selenium.support.ui.ExpectedConditions.elementIfVisible(ExpectedConditions.java:304)
	at org.openqa.selenium.support.ui.ExpectedConditions$10.apply(ExpectedConditions.java:290)
	at org.openqa.selenium.support.ui.ExpectedConditions$10.apply(ExpectedConditions.java:287)
	at org.openqa.selenium.support.ui.FluentWait.until(FluentWait.java:203)
	... 29 more
... Removed 28 stack frames</pre></div><a href='#' onClick='toggleBox("stack-trace1854053968", this, "Click to show all stack frames", "Click to hide stack frames")'>Click to show all stack frames</a>
<div class='stack-trace' id='stack-trace1854053968'><pre>org.openqa.selenium.TimeoutException: Expected condition failed: waiting for visibility of Proxy element for: DefaultElementLocator &apos;By.cssSelector: span[data-valmsg-for=&apos;ConfirmPassword&apos;] &gt; span&apos; (tried for 10 second(s) with 500 milliseconds interval)
	at org.openqa.selenium.support.ui.WebDriverWait.timeoutException(WebDriverWait.java:84)
	at org.openqa.selenium.support.ui.FluentWait.until(FluentWait.java:228)
	at demowebshop.base.BasePage.waitForElementToBeVisible(BasePage.java:63)
	at pages.RegisterPage.getConfirmPasswordWarningMessageText(RegisterPage.java:184)
	at tests.negativeTests.RegisterInvalidTests.registerWithEmptyConfirmPasswordField(RegisterInvalidTests.java:188)
	at java.base/jdk.internal.reflect.DirectMethodHandleAccessor.invoke(DirectMethodHandleAccessor.java:103)
	at java.base/java.lang.reflect.Method.invoke(Method.java:580)
	at org.testng.internal.invokers.MethodInvocationHelper.invokeMethod(MethodInvocationHelper.java:141)
	at org.testng.internal.invokers.TestInvoker.invokeMethod(TestInvoker.java:687)
	at org.testng.internal.invokers.TestInvoker.invokeTestMethod(TestInvoker.java:230)
	at org.testng.internal.invokers.MethodRunner.runInSequence(MethodRunner.java:63)
	at org.testng.internal.invokers.TestInvoker$MethodInvocationAgent.invoke(TestInvoker.java:995)
	at org.testng.internal.invokers.TestInvoker.invokeTestMethods(TestInvoker.java:203)
	at org.testng.internal.invokers.TestMethodWorker.invokeTestMethods(TestMethodWorker.java:154)
	at org.testng.internal.invokers.TestMethodWorker.run(TestMethodWorker.java:134)
	at java.base/java.util.ArrayList.forEach(ArrayList.java:1597)
	at org.testng.TestRunner.privateRun(TestRunner.java:741)
	at org.testng.TestRunner.run(TestRunner.java:616)
	at org.testng.SuiteRunner.runTest(SuiteRunner.java:421)
	at org.testng.SuiteRunner.runSequentially(SuiteRunner.java:413)
	at org.testng.SuiteRunner.privateRun(SuiteRunner.java:373)
	at org.testng.SuiteRunner.run(SuiteRunner.java:312)
	at org.testng.SuiteRunnerWorker.runSuite(SuiteRunnerWorker.java:52)
	at org.testng.SuiteRunnerWorker.run(SuiteRunnerWorker.java:95)
	at org.testng.TestNG.runSuitesSequentially(TestNG.java:1274)
	at org.testng.TestNG.runSuitesLocally(TestNG.java:1208)
	at org.testng.TestNG.runSuites(TestNG.java:1112)
	at org.testng.TestNG.run(TestNG.java:1079)
	at org.testng.remote.AbstractRemoteTestNG.run(AbstractRemoteTestNG.java:115)
	at org.testng.remote.RemoteTestNG.initAndRun(RemoteTestNG.java:293)
	at org.testng.remote.RemoteTestNG.main(RemoteTestNG.java:91)
Caused by: org.openqa.selenium.NoSuchElementException: no such element: Unable to locate element: {&quot;method&quot;:&quot;css selector&quot;,&quot;selector&quot;:&quot;span[data-valmsg-for=&apos;ConfirmPassword&apos;] &gt; span&quot;}
  (Session info: chrome=138.0.7204.101)
For documentation on this error, please visit: https://www.selenium.dev/documentation/webdriver/troubleshooting/errors#no-such-element-exception
Build info: version: &apos;4.34.0&apos;, revision: &apos;707dcb4246*&apos;
System info: os.name: &apos;Windows 11&apos;, os.arch: &apos;amd64&apos;, os.version: &apos;10.0&apos;, java.version: &apos;23.0.1&apos;
Driver info: org.openqa.selenium.chrome.ChromeDriver
Command: [9fa95a6701a7f0491975c16a5f68f777, findElement {using=css selector, value=span[data-valmsg-for=&apos;ConfirmPassword&apos;] &gt; span}]
Capabilities {acceptInsecureCerts: false, browserName: chrome, browserVersion: 138.0.7204.101, chrome: {chromedriverVersion: 138.0.7204.94 (545025748884..., userDataDir: C:\Users\Veronika\AppData\L...}, fedcm:accounts: true, goog:chromeOptions: {debuggerAddress: localhost:51500}, networkConnectionEnabled: false, pageLoadStrategy: normal, platformName: windows, proxy: Proxy(), se:cdp: ws://localhost:51500/devtoo..., se:cdpVersion: 138.0.7204.101, setWindowRect: true, strictFileInteractability: false, timeouts: {implicit: 0, pageLoad: 300000, script: 30000}, unhandledPromptBehavior: dismiss and notify, webauthn:extension:credBlob: true, webauthn:extension:largeBlob: true, webauthn:extension:minPinLength: true, webauthn:extension:prf: true, webauthn:virtualAuthenticators: true}
Session ID: 9fa95a6701a7f0491975c16a5f68f777
	at java.base/jdk.internal.reflect.DirectConstructorHandleAccessor.newInstance(DirectConstructorHandleAccessor.java:62)
	at java.base/java.lang.reflect.Constructor.newInstanceWithCaller(Constructor.java:501)
	at java.base/java.lang.reflect.Constructor.newInstance(Constructor.java:485)
	at org.openqa.selenium.remote.ErrorCodec.decode(ErrorCodec.java:167)
	at org.openqa.selenium.remote.codec.w3c.W3CHttpResponseCodec.decode(W3CHttpResponseCodec.java:138)
	at org.openqa.selenium.remote.codec.w3c.W3CHttpResponseCodec.decode(W3CHttpResponseCodec.java:50)
	at org.openqa.selenium.remote.HttpCommandExecutor.execute(HttpCommandExecutor.java:215)
	at org.openqa.selenium.remote.service.DriverCommandExecutor.invokeExecute(DriverCommandExecutor.java:216)
	at org.openqa.selenium.remote.service.DriverCommandExecutor.execute(DriverCommandExecutor.java:174)
	at org.openqa.selenium.remote.RemoteWebDriver.execute(RemoteWebDriver.java:544)
	at org.openqa.selenium.remote.ElementLocation$ElementFinder$2.findElement(ElementLocation.java:165)
	at org.openqa.selenium.remote.ElementLocation.findElement(ElementLocation.java:59)
	at org.openqa.selenium.remote.RemoteWebDriver.findElement(RemoteWebDriver.java:367)
	at org.openqa.selenium.remote.RemoteWebDriver.findElement(RemoteWebDriver.java:361)
	at org.openqa.selenium.support.pagefactory.DefaultElementLocator.findElement(DefaultElementLocator.java:68)
	at org.openqa.selenium.support.pagefactory.internal.LocatingElementHandler.invoke(LocatingElementHandler.java:38)
	at jdk.proxy2/jdk.proxy2.$Proxy29.isDisplayed(Unknown Source)
	at org.openqa.selenium.support.ui.ExpectedConditions.elementIfVisible(ExpectedConditions.java:304)
	at org.openqa.selenium.support.ui.ExpectedConditions$10.apply(ExpectedConditions.java:290)
	at org.openqa.selenium.support.ui.ExpectedConditions$10.apply(ExpectedConditions.java:287)
	at org.openqa.selenium.support.ui.FluentWait.until(FluentWait.java:203)
	... 29 more
</pre></div></td>
<td>31</td>
<td>tests.negativeTests.RegisterInvalidTests@1fc0053e</td></tr>
<tr>
<td title='tests.negativeTests.RegisterInvalidTests.registerWithEmptyConfirmPasswordField()'><b>registerWithEmptyConfirmPasswordField</b><br>Test class: tests.negativeTests.RegisterInvalidTests<br>Test method: Registration with empty confirmpassword field</td>
<td><div><pre>org.openqa.selenium.TimeoutException: Expected condition failed: waiting for visibility of Proxy element for: DefaultElementLocator &apos;By.cssSelector: span[data-valmsg-for=&apos;ConfirmPassword&apos;] &gt; span&apos; (tried for 10 second(s) with 500 milliseconds interval)
	at org.openqa.selenium.support.ui.WebDriverWait.timeoutException(WebDriverWait.java:84)
	at org.openqa.selenium.support.ui.FluentWait.until(FluentWait.java:228)
	at demowebshop.base.BasePage.waitForElementToBeVisible(BasePage.java:63)
	at pages.RegisterPage.getConfirmPasswordWarningMessageText(RegisterPage.java:184)
	at tests.negativeTests.RegisterInvalidTests.registerWithEmptyConfirmPasswordField(RegisterInvalidTests.java:188)
	at java.base/java.util.ArrayList.forEach(ArrayList.java:1597)
Caused by: org.openqa.selenium.NoSuchElementException: no such element: Unable to locate element: {&quot;method&quot;:&quot;css selector&quot;,&quot;selector&quot;:&quot;span[data-valmsg-for=&apos;ConfirmPassword&apos;] &gt; span&quot;}
  (Session info: chrome=138.0.7204.101)
For documentation on this error, please visit: https://www.selenium.dev/documentation/webdriver/troubleshooting/errors#no-such-element-exception
Build info: version: &apos;4.34.0&apos;, revision: &apos;707dcb4246*&apos;
System info: os.name: &apos;Windows 11&apos;, os.arch: &apos;amd64&apos;, os.version: &apos;10.0&apos;, java.version: &apos;23.0.1&apos;
Driver info: org.openqa.selenium.chrome.ChromeDriver
Command: [e26c701dad6dd315ae3f7f717f8c89bf, findElement {using=css selector, value=span[data-valmsg-for=&apos;ConfirmPassword&apos;] &gt; span}]
Capabilities {acceptInsecureCerts: false, browserName: chrome, browserVersion: 138.0.7204.101, chrome: {chromedriverVersion: 138.0.7204.94 (545025748884..., userDataDir: C:\Users\Veronika\AppData\L...}, fedcm:accounts: true, goog:chromeOptions: {debuggerAddress: localhost:51558}, networkConnectionEnabled: false, pageLoadStrategy: normal, platformName: windows, proxy: Proxy(), se:cdp: ws://localhost:51558/devtoo..., se:cdpVersion: 138.0.7204.101, setWindowRect: true, strictFileInteractability: false, timeouts: {implicit: 0, pageLoad: 300000, script: 30000}, unhandledPromptBehavior: dismiss and notify, webauthn:extension:credBlob: true, webauthn:extension:largeBlob: true, webauthn:extension:minPinLength: true, webauthn:extension:prf: true, webauthn:virtualAuthenticators: true}
Session ID: e26c701dad6dd315ae3f7f717f8c89bf
	at org.openqa.selenium.remote.ErrorCodec.decode(ErrorCodec.java:167)
	at org.openqa.selenium.remote.codec.w3c.W3CHttpResponseCodec.decode(W3CHttpResponseCodec.java:138)
	at org.openqa.selenium.remote.codec.w3c.W3CHttpResponseCodec.decode(W3CHttpResponseCodec.java:50)
	at org.openqa.selenium.remote.HttpCommandExecutor.execute(HttpCommandExecutor.java:215)
	at org.openqa.selenium.remote.service.DriverCommandExecutor.invokeExecute(DriverCommandExecutor.java:216)
	at org.openqa.selenium.remote.service.DriverCommandExecutor.execute(DriverCommandExecutor.java:174)
	at org.openqa.selenium.remote.RemoteWebDriver.execute(RemoteWebDriver.java:544)
	at org.openqa.selenium.remote.ElementLocation$ElementFinder$2.findElement(ElementLocation.java:165)
	at org.openqa.selenium.remote.ElementLocation.findElement(ElementLocation.java:59)
	at org.openqa.selenium.remote.RemoteWebDriver.findElement(RemoteWebDriver.java:367)
	at org.openqa.selenium.remote.RemoteWebDriver.findElement(RemoteWebDriver.java:361)
	at org.openqa.selenium.support.pagefactory.DefaultElementLocator.findElement(DefaultElementLocator.java:68)
	at org.openqa.selenium.support.pagefactory.internal.LocatingElementHandler.invoke(LocatingElementHandler.java:38)
	at jdk.proxy2/jdk.proxy2.$Proxy29.isDisplayed(Unknown Source)
	at org.openqa.selenium.support.ui.ExpectedConditions.elementIfVisible(ExpectedConditions.java:304)
	at org.openqa.selenium.support.ui.ExpectedConditions$10.apply(ExpectedConditions.java:290)
	at org.openqa.selenium.support.ui.ExpectedConditions$10.apply(ExpectedConditions.java:287)
	at org.openqa.selenium.support.ui.FluentWait.until(FluentWait.java:203)
	... 29 more
... Removed 28 stack frames</pre></div><a href='#' onClick='toggleBox("stack-trace293757848", this, "Click to show all stack frames", "Click to hide stack frames")'>Click to show all stack frames</a>
<div class='stack-trace' id='stack-trace293757848'><pre>org.openqa.selenium.TimeoutException: Expected condition failed: waiting for visibility of Proxy element for: DefaultElementLocator &apos;By.cssSelector: span[data-valmsg-for=&apos;ConfirmPassword&apos;] &gt; span&apos; (tried for 10 second(s) with 500 milliseconds interval)
	at org.openqa.selenium.support.ui.WebDriverWait.timeoutException(WebDriverWait.java:84)
	at org.openqa.selenium.support.ui.FluentWait.until(FluentWait.java:228)
	at demowebshop.base.BasePage.waitForElementToBeVisible(BasePage.java:63)
	at pages.RegisterPage.getConfirmPasswordWarningMessageText(RegisterPage.java:184)
	at tests.negativeTests.RegisterInvalidTests.registerWithEmptyConfirmPasswordField(RegisterInvalidTests.java:188)
	at java.base/jdk.internal.reflect.DirectMethodHandleAccessor.invoke(DirectMethodHandleAccessor.java:103)
	at java.base/java.lang.reflect.Method.invoke(Method.java:580)
	at org.testng.internal.invokers.MethodInvocationHelper.invokeMethod(MethodInvocationHelper.java:141)
	at org.testng.internal.invokers.TestInvoker.invokeMethod(TestInvoker.java:687)
	at org.testng.internal.invokers.TestInvoker.retryFailed(TestInvoker.java:269)
	at org.testng.internal.invokers.MethodRunner.runInSequence(MethodRunner.java:76)
	at org.testng.internal.invokers.TestInvoker$MethodInvocationAgent.invoke(TestInvoker.java:995)
	at org.testng.internal.invokers.TestInvoker.invokeTestMethods(TestInvoker.java:203)
	at org.testng.internal.invokers.TestMethodWorker.invokeTestMethods(TestMethodWorker.java:154)
	at org.testng.internal.invokers.TestMethodWorker.run(TestMethodWorker.java:134)
	at java.base/java.util.ArrayList.forEach(ArrayList.java:1597)
	at org.testng.TestRunner.privateRun(TestRunner.java:741)
	at org.testng.TestRunner.run(TestRunner.java:616)
	at org.testng.SuiteRunner.runTest(SuiteRunner.java:421)
	at org.testng.SuiteRunner.runSequentially(SuiteRunner.java:413)
	at org.testng.SuiteRunner.privateRun(SuiteRunner.java:373)
	at org.testng.SuiteRunner.run(SuiteRunner.java:312)
	at org.testng.SuiteRunnerWorker.runSuite(SuiteRunnerWorker.java:52)
	at org.testng.SuiteRunnerWorker.run(SuiteRunnerWorker.java:95)
	at org.testng.TestNG.runSuitesSequentially(TestNG.java:1274)
	at org.testng.TestNG.runSuitesLocally(TestNG.java:1208)
	at org.testng.TestNG.runSuites(TestNG.java:1112)
	at org.testng.TestNG.run(TestNG.java:1079)
	at org.testng.remote.AbstractRemoteTestNG.run(AbstractRemoteTestNG.java:115)
	at org.testng.remote.RemoteTestNG.initAndRun(RemoteTestNG.java:293)
	at org.testng.remote.RemoteTestNG.main(RemoteTestNG.java:91)
Caused by: org.openqa.selenium.NoSuchElementException: no such element: Unable to locate element: {&quot;method&quot;:&quot;css selector&quot;,&quot;selector&quot;:&quot;span[data-valmsg-for=&apos;ConfirmPassword&apos;] &gt; span&quot;}
  (Session info: chrome=138.0.7204.101)
For documentation on this error, please visit: https://www.selenium.dev/documentation/webdriver/troubleshooting/errors#no-such-element-exception
Build info: version: &apos;4.34.0&apos;, revision: &apos;707dcb4246*&apos;
System info: os.name: &apos;Windows 11&apos;, os.arch: &apos;amd64&apos;, os.version: &apos;10.0&apos;, java.version: &apos;23.0.1&apos;
Driver info: org.openqa.selenium.chrome.ChromeDriver
Command: [e26c701dad6dd315ae3f7f717f8c89bf, findElement {using=css selector, value=span[data-valmsg-for=&apos;ConfirmPassword&apos;] &gt; span}]
Capabilities {acceptInsecureCerts: false, browserName: chrome, browserVersion: 138.0.7204.101, chrome: {chromedriverVersion: 138.0.7204.94 (545025748884..., userDataDir: C:\Users\Veronika\AppData\L...}, fedcm:accounts: true, goog:chromeOptions: {debuggerAddress: localhost:51558}, networkConnectionEnabled: false, pageLoadStrategy: normal, platformName: windows, proxy: Proxy(), se:cdp: ws://localhost:51558/devtoo..., se:cdpVersion: 138.0.7204.101, setWindowRect: true, strictFileInteractability: false, timeouts: {implicit: 0, pageLoad: 300000, script: 30000}, unhandledPromptBehavior: dismiss and notify, webauthn:extension:credBlob: true, webauthn:extension:largeBlob: true, webauthn:extension:minPinLength: true, webauthn:extension:prf: true, webauthn:virtualAuthenticators: true}
Session ID: e26c701dad6dd315ae3f7f717f8c89bf
	at java.base/jdk.internal.reflect.DirectConstructorHandleAccessor.newInstance(DirectConstructorHandleAccessor.java:62)
	at java.base/java.lang.reflect.Constructor.newInstanceWithCaller(Constructor.java:501)
	at java.base/java.lang.reflect.Constructor.newInstance(Constructor.java:485)
	at org.openqa.selenium.remote.ErrorCodec.decode(ErrorCodec.java:167)
	at org.openqa.selenium.remote.codec.w3c.W3CHttpResponseCodec.decode(W3CHttpResponseCodec.java:138)
	at org.openqa.selenium.remote.codec.w3c.W3CHttpResponseCodec.decode(W3CHttpResponseCodec.java:50)
	at org.openqa.selenium.remote.HttpCommandExecutor.execute(HttpCommandExecutor.java:215)
	at org.openqa.selenium.remote.service.DriverCommandExecutor.invokeExecute(DriverCommandExecutor.java:216)
	at org.openqa.selenium.remote.service.DriverCommandExecutor.execute(DriverCommandExecutor.java:174)
	at org.openqa.selenium.remote.RemoteWebDriver.execute(RemoteWebDriver.java:544)
	at org.openqa.selenium.remote.ElementLocation$ElementFinder$2.findElement(ElementLocation.java:165)
	at org.openqa.selenium.remote.ElementLocation.findElement(ElementLocation.java:59)
	at org.openqa.selenium.remote.RemoteWebDriver.findElement(RemoteWebDriver.java:367)
	at org.openqa.selenium.remote.RemoteWebDriver.findElement(RemoteWebDriver.java:361)
	at org.openqa.selenium.support.pagefactory.DefaultElementLocator.findElement(DefaultElementLocator.java:68)
	at org.openqa.selenium.support.pagefactory.internal.LocatingElementHandler.invoke(LocatingElementHandler.java:38)
	at jdk.proxy2/jdk.proxy2.$Proxy29.isDisplayed(Unknown Source)
	at org.openqa.selenium.support.ui.ExpectedConditions.elementIfVisible(ExpectedConditions.java:304)
	at org.openqa.selenium.support.ui.ExpectedConditions$10.apply(ExpectedConditions.java:290)
	at org.openqa.selenium.support.ui.ExpectedConditions$10.apply(ExpectedConditions.java:287)
	at org.openqa.selenium.support.ui.FluentWait.until(FluentWait.java:203)
	... 29 more
</pre></div></td>
<td>31</td>
<td>tests.negativeTests.RegisterInvalidTests@1fc0053e</td></tr>
<tr>
<td title='tests.negativeTests.RegisterInvalidTests.registerWithEmptyConfirmPasswordField()'><b>registerWithEmptyConfirmPasswordField</b><br>Test class: tests.negativeTests.RegisterInvalidTests<br>Test method: Registration with empty confirmpassword field</td>
<td><div><pre>org.openqa.selenium.TimeoutException: Expected condition failed: waiting for visibility of Proxy element for: DefaultElementLocator &apos;By.cssSelector: span[data-valmsg-for=&apos;ConfirmPassword&apos;] &gt; span&apos; (tried for 10 second(s) with 500 milliseconds interval)
	at org.openqa.selenium.support.ui.WebDriverWait.timeoutException(WebDriverWait.java:84)
	at org.openqa.selenium.support.ui.FluentWait.until(FluentWait.java:228)
	at demowebshop.base.BasePage.waitForElementToBeVisible(BasePage.java:63)
	at pages.RegisterPage.getConfirmPasswordWarningMessageText(RegisterPage.java:184)
	at tests.negativeTests.RegisterInvalidTests.registerWithEmptyConfirmPasswordField(RegisterInvalidTests.java:188)
	at java.base/java.util.ArrayList.forEach(ArrayList.java:1597)
Caused by: org.openqa.selenium.NoSuchElementException: no such element: Unable to locate element: {&quot;method&quot;:&quot;css selector&quot;,&quot;selector&quot;:&quot;span[data-valmsg-for=&apos;ConfirmPassword&apos;] &gt; span&quot;}
  (Session info: chrome=138.0.7204.101)
For documentation on this error, please visit: https://www.selenium.dev/documentation/webdriver/troubleshooting/errors#no-such-element-exception
Build info: version: &apos;4.34.0&apos;, revision: &apos;707dcb4246*&apos;
System info: os.name: &apos;Windows 11&apos;, os.arch: &apos;amd64&apos;, os.version: &apos;10.0&apos;, java.version: &apos;23.0.1&apos;
Driver info: org.openqa.selenium.chrome.ChromeDriver
Command: [8ea835b5af44aef96535c84d086bd805, findElement {using=css selector, value=span[data-valmsg-for=&apos;ConfirmPassword&apos;] &gt; span}]
Capabilities {acceptInsecureCerts: false, browserName: chrome, browserVersion: 138.0.7204.101, chrome: {chromedriverVersion: 138.0.7204.94 (545025748884..., userDataDir: C:\Users\Veronika\AppData\L...}, fedcm:accounts: true, goog:chromeOptions: {debuggerAddress: localhost:51525}, networkConnectionEnabled: false, pageLoadStrategy: normal, platformName: windows, proxy: Proxy(), se:cdp: ws://localhost:51525/devtoo..., se:cdpVersion: 138.0.7204.101, setWindowRect: true, strictFileInteractability: false, timeouts: {implicit: 0, pageLoad: 300000, script: 30000}, unhandledPromptBehavior: dismiss and notify, webauthn:extension:credBlob: true, webauthn:extension:largeBlob: true, webauthn:extension:minPinLength: true, webauthn:extension:prf: true, webauthn:virtualAuthenticators: true}
Session ID: 8ea835b5af44aef96535c84d086bd805
	at org.openqa.selenium.remote.ErrorCodec.decode(ErrorCodec.java:167)
	at org.openqa.selenium.remote.codec.w3c.W3CHttpResponseCodec.decode(W3CHttpResponseCodec.java:138)
	at org.openqa.selenium.remote.codec.w3c.W3CHttpResponseCodec.decode(W3CHttpResponseCodec.java:50)
	at org.openqa.selenium.remote.HttpCommandExecutor.execute(HttpCommandExecutor.java:215)
	at org.openqa.selenium.remote.service.DriverCommandExecutor.invokeExecute(DriverCommandExecutor.java:216)
	at org.openqa.selenium.remote.service.DriverCommandExecutor.execute(DriverCommandExecutor.java:174)
	at org.openqa.selenium.remote.RemoteWebDriver.execute(RemoteWebDriver.java:544)
	at org.openqa.selenium.remote.ElementLocation$ElementFinder$2.findElement(ElementLocation.java:165)
	at org.openqa.selenium.remote.ElementLocation.findElement(ElementLocation.java:59)
	at org.openqa.selenium.remote.RemoteWebDriver.findElement(RemoteWebDriver.java:367)
	at org.openqa.selenium.remote.RemoteWebDriver.findElement(RemoteWebDriver.java:361)
	at org.openqa.selenium.support.pagefactory.DefaultElementLocator.findElement(DefaultElementLocator.java:68)
	at org.openqa.selenium.support.pagefactory.internal.LocatingElementHandler.invoke(LocatingElementHandler.java:38)
	at jdk.proxy2/jdk.proxy2.$Proxy29.isDisplayed(Unknown Source)
	at org.openqa.selenium.support.ui.ExpectedConditions.elementIfVisible(ExpectedConditions.java:304)
	at org.openqa.selenium.support.ui.ExpectedConditions$10.apply(ExpectedConditions.java:290)
	at org.openqa.selenium.support.ui.ExpectedConditions$10.apply(ExpectedConditions.java:287)
	at org.openqa.selenium.support.ui.FluentWait.until(FluentWait.java:203)
	... 29 more
... Removed 28 stack frames</pre></div><a href='#' onClick='toggleBox("stack-trace529026006", this, "Click to show all stack frames", "Click to hide stack frames")'>Click to show all stack frames</a>
<div class='stack-trace' id='stack-trace529026006'><pre>org.openqa.selenium.TimeoutException: Expected condition failed: waiting for visibility of Proxy element for: DefaultElementLocator &apos;By.cssSelector: span[data-valmsg-for=&apos;ConfirmPassword&apos;] &gt; span&apos; (tried for 10 second(s) with 500 milliseconds interval)
	at org.openqa.selenium.support.ui.WebDriverWait.timeoutException(WebDriverWait.java:84)
	at org.openqa.selenium.support.ui.FluentWait.until(FluentWait.java:228)
	at demowebshop.base.BasePage.waitForElementToBeVisible(BasePage.java:63)
	at pages.RegisterPage.getConfirmPasswordWarningMessageText(RegisterPage.java:184)
	at tests.negativeTests.RegisterInvalidTests.registerWithEmptyConfirmPasswordField(RegisterInvalidTests.java:188)
	at java.base/jdk.internal.reflect.DirectMethodHandleAccessor.invoke(DirectMethodHandleAccessor.java:103)
	at java.base/java.lang.reflect.Method.invoke(Method.java:580)
	at org.testng.internal.invokers.MethodInvocationHelper.invokeMethod(MethodInvocationHelper.java:141)
	at org.testng.internal.invokers.TestInvoker.invokeMethod(TestInvoker.java:687)
	at org.testng.internal.invokers.TestInvoker.retryFailed(TestInvoker.java:269)
	at org.testng.internal.invokers.MethodRunner.runInSequence(MethodRunner.java:76)
	at org.testng.internal.invokers.TestInvoker$MethodInvocationAgent.invoke(TestInvoker.java:995)
	at org.testng.internal.invokers.TestInvoker.invokeTestMethods(TestInvoker.java:203)
	at org.testng.internal.invokers.TestMethodWorker.invokeTestMethods(TestMethodWorker.java:154)
	at org.testng.internal.invokers.TestMethodWorker.run(TestMethodWorker.java:134)
	at java.base/java.util.ArrayList.forEach(ArrayList.java:1597)
	at org.testng.TestRunner.privateRun(TestRunner.java:741)
	at org.testng.TestRunner.run(TestRunner.java:616)
	at org.testng.SuiteRunner.runTest(SuiteRunner.java:421)
	at org.testng.SuiteRunner.runSequentially(SuiteRunner.java:413)
	at org.testng.SuiteRunner.privateRun(SuiteRunner.java:373)
	at org.testng.SuiteRunner.run(SuiteRunner.java:312)
	at org.testng.SuiteRunnerWorker.runSuite(SuiteRunnerWorker.java:52)
	at org.testng.SuiteRunnerWorker.run(SuiteRunnerWorker.java:95)
	at org.testng.TestNG.runSuitesSequentially(TestNG.java:1274)
	at org.testng.TestNG.runSuitesLocally(TestNG.java:1208)
	at org.testng.TestNG.runSuites(TestNG.java:1112)
	at org.testng.TestNG.run(TestNG.java:1079)
	at org.testng.remote.AbstractRemoteTestNG.run(AbstractRemoteTestNG.java:115)
	at org.testng.remote.RemoteTestNG.initAndRun(RemoteTestNG.java:293)
	at org.testng.remote.RemoteTestNG.main(RemoteTestNG.java:91)
Caused by: org.openqa.selenium.NoSuchElementException: no such element: Unable to locate element: {&quot;method&quot;:&quot;css selector&quot;,&quot;selector&quot;:&quot;span[data-valmsg-for=&apos;ConfirmPassword&apos;] &gt; span&quot;}
  (Session info: chrome=138.0.7204.101)
For documentation on this error, please visit: https://www.selenium.dev/documentation/webdriver/troubleshooting/errors#no-such-element-exception
Build info: version: &apos;4.34.0&apos;, revision: &apos;707dcb4246*&apos;
System info: os.name: &apos;Windows 11&apos;, os.arch: &apos;amd64&apos;, os.version: &apos;10.0&apos;, java.version: &apos;23.0.1&apos;
Driver info: org.openqa.selenium.chrome.ChromeDriver
Command: [8ea835b5af44aef96535c84d086bd805, findElement {using=css selector, value=span[data-valmsg-for=&apos;ConfirmPassword&apos;] &gt; span}]
Capabilities {acceptInsecureCerts: false, browserName: chrome, browserVersion: 138.0.7204.101, chrome: {chromedriverVersion: 138.0.7204.94 (545025748884..., userDataDir: C:\Users\Veronika\AppData\L...}, fedcm:accounts: true, goog:chromeOptions: {debuggerAddress: localhost:51525}, networkConnectionEnabled: false, pageLoadStrategy: normal, platformName: windows, proxy: Proxy(), se:cdp: ws://localhost:51525/devtoo..., se:cdpVersion: 138.0.7204.101, setWindowRect: true, strictFileInteractability: false, timeouts: {implicit: 0, pageLoad: 300000, script: 30000}, unhandledPromptBehavior: dismiss and notify, webauthn:extension:credBlob: true, webauthn:extension:largeBlob: true, webauthn:extension:minPinLength: true, webauthn:extension:prf: true, webauthn:virtualAuthenticators: true}
Session ID: 8ea835b5af44aef96535c84d086bd805
	at java.base/jdk.internal.reflect.DirectConstructorHandleAccessor.newInstance(DirectConstructorHandleAccessor.java:62)
	at java.base/java.lang.reflect.Constructor.newInstanceWithCaller(Constructor.java:501)
	at java.base/java.lang.reflect.Constructor.newInstance(Constructor.java:485)
	at org.openqa.selenium.remote.ErrorCodec.decode(ErrorCodec.java:167)
	at org.openqa.selenium.remote.codec.w3c.W3CHttpResponseCodec.decode(W3CHttpResponseCodec.java:138)
	at org.openqa.selenium.remote.codec.w3c.W3CHttpResponseCodec.decode(W3CHttpResponseCodec.java:50)
	at org.openqa.selenium.remote.HttpCommandExecutor.execute(HttpCommandExecutor.java:215)
	at org.openqa.selenium.remote.service.DriverCommandExecutor.invokeExecute(DriverCommandExecutor.java:216)
	at org.openqa.selenium.remote.service.DriverCommandExecutor.execute(DriverCommandExecutor.java:174)
	at org.openqa.selenium.remote.RemoteWebDriver.execute(RemoteWebDriver.java:544)
	at org.openqa.selenium.remote.ElementLocation$ElementFinder$2.findElement(ElementLocation.java:165)
	at org.openqa.selenium.remote.ElementLocation.findElement(ElementLocation.java:59)
	at org.openqa.selenium.remote.RemoteWebDriver.findElement(RemoteWebDriver.java:367)
	at org.openqa.selenium.remote.RemoteWebDriver.findElement(RemoteWebDriver.java:361)
	at org.openqa.selenium.support.pagefactory.DefaultElementLocator.findElement(DefaultElementLocator.java:68)
	at org.openqa.selenium.support.pagefactory.internal.LocatingElementHandler.invoke(LocatingElementHandler.java:38)
	at jdk.proxy2/jdk.proxy2.$Proxy29.isDisplayed(Unknown Source)
	at org.openqa.selenium.support.ui.ExpectedConditions.elementIfVisible(ExpectedConditions.java:304)
	at org.openqa.selenium.support.ui.ExpectedConditions$10.apply(ExpectedConditions.java:290)
	at org.openqa.selenium.support.ui.ExpectedConditions$10.apply(ExpectedConditions.java:287)
	at org.openqa.selenium.support.ui.FluentWait.until(FluentWait.java:203)
	... 29 more
</pre></div></td>
<td>31</td>
<td>tests.negativeTests.RegisterInvalidTests@1fc0053e</td></tr>
</table><p>
</body>
</html>