<?xml version="1.0" encoding="UTF-8"?>
<!-- Generated by org.testng.reporters.JUnitXMLReporter -->
<testsuite ignored="0" hostname="DESKTOP-PDQBIIN" failures="1" tests="42" name="Test" time="630.637" errors="0" timestamp="2025-07-13T13:18:48 SELÄŒ">
  <testcase classname="tests.positiveTests.RegisterValidTest" name="testValidRegistration" time="2.118"/>
  <testcase classname="tests.negativeTests.RegisterInvalidTests" name="registerWithEmptyConfirmPasswordField" time="31.286">
    <skipped/>
  </testcase> <!-- registerWithEmptyConfirmPasswordField -->
  <testcase classname="tests.negativeTests.RegisterInvalidTests" name="registerWithEmptyConfirmPasswordField" time="31.349">
    <skipped/>
  </testcase> <!-- registerWithEmptyConfirmPasswordField -->
  <testcase classname="tests.negativeTests.RegisterInvalidTests" name="registerWithEmptyConfirmPasswordField" time="31.347">
    <skipped/>
  </testcase> <!-- registerWithEmptyConfirmPasswordField -->
  <testcase classname="tests.negativeTests.RegisterInvalidTests" name="registerWithEmptyConfirmPasswordField" time="31.225">
    <failure type="org.openqa.selenium.TimeoutException" message="Expected condition failed: waiting for visibility of Proxy element for: DefaultElementLocator &amp;apos;By.cssSelector: span[data-valmsg-for=&amp;apos;ConfirmPassword&amp;apos;] &amp;gt; span&amp;apos; (tried for 10 second(s) with 500 milliseconds interval)">
      <![CDATA[org.openqa.selenium.TimeoutException: Expected condition failed: waiting for visibility of Proxy element for: DefaultElementLocator 'By.cssSelector: span[data-valmsg-for='ConfirmPassword'] > span' (tried for 10 second(s) with 500 milliseconds interval)
at org.openqa.selenium.support.ui.WebDriverWait.timeoutException(WebDriverWait.java:84)
at org.openqa.selenium.support.ui.FluentWait.until(FluentWait.java:228)
at demowebshop.base.BasePage.waitForElementToBeVisible(BasePage.java:63)
at pages.RegisterPage.getConfirmPasswordWarningMessageText(RegisterPage.java:184)
at tests.negativeTests.RegisterInvalidTests.registerWithEmptyConfirmPasswordField(RegisterInvalidTests.java:188)
at java.base/java.util.ArrayList.forEach(ArrayList.java:1597)
Caused by: org.openqa.selenium.NoSuchElementException: no such element: Unable to locate element: {"method":"css selector","selector":"span[data-valmsg-for='ConfirmPassword'] > span"}
  (Session info: chrome=138.0.7204.101)
For documentation on this error, please visit: https://www.selenium.dev/documentation/webdriver/troubleshooting/errors#no-such-element-exception
Build info: version: '4.34.0', revision: '707dcb4246*'
System info: os.name: 'Windows 11', os.arch: 'amd64', os.version: '10.0', java.version: '23.0.1'
Driver info: org.openqa.selenium.chrome.ChromeDriver
Command: [8c69df5c88856de65c7167221de313a5, findElement {using=css selector, value=span[data-valmsg-for='ConfirmPassword'] > span}]
Capabilities {acceptInsecureCerts: false, browserName: chrome, browserVersion: 138.0.7204.101, chrome: {chromedriverVersion: 138.0.7204.94 (545025748884..., userDataDir: C:\Users\Veronika\AppData\L...}, fedcm:accounts: true, goog:chromeOptions: {debuggerAddress: localhost:51590}, networkConnectionEnabled: false, pageLoadStrategy: normal, platformName: windows, proxy: Proxy(), se:cdp: ws://localhost:51590/devtoo..., se:cdpVersion: 138.0.7204.101, setWindowRect: true, strictFileInteractability: false, timeouts: {implicit: 0, pageLoad: 300000, script: 30000}, unhandledPromptBehavior: dismiss and notify, webauthn:extension:credBlob: true, webauthn:extension:largeBlob: true, webauthn:extension:minPinLength: true, webauthn:extension:prf: true, webauthn:virtualAuthenticators: true}
Session ID: 8c69df5c88856de65c7167221de313a5
at org.openqa.selenium.remote.ErrorCodec.decode(ErrorCodec.java:167)
at org.openqa.selenium.remote.codec.w3c.W3CHttpResponseCodec.decode(W3CHttpResponseCodec.java:138)
at org.openqa.selenium.remote.codec.w3c.W3CHttpResponseCodec.decode(W3CHttpResponseCodec.java:50)
at org.openqa.selenium.remote.HttpCommandExecutor.execute(HttpCommandExecutor.java:215)
at org.openqa.selenium.remote.service.DriverCommandExecutor.invokeExecute(DriverCommandExecutor.java:216)
at org.openqa.selenium.remote.service.DriverCommandExecutor.execute(DriverCommandExecutor.java:174)
at org.openqa.selenium.remote.RemoteWebDriver.execute(RemoteWebDriver.java:544)
at org.openqa.selenium.remote.ElementLocation$ElementFinder$2.findElement(ElementLocation.java:165)
at org.openqa.selenium.remote.ElementLocation.findElement(ElementLocation.java:59)
at org.openqa.selenium.remote.RemoteWebDriver.findElement(RemoteWebDriver.java:367)
at org.openqa.selenium.remote.RemoteWebDriver.findElement(RemoteWebDriver.java:361)
at org.openqa.selenium.support.pagefactory.DefaultElementLocator.findElement(DefaultElementLocator.java:68)
at org.openqa.selenium.support.pagefactory.internal.LocatingElementHandler.invoke(LocatingElementHandler.java:38)
at jdk.proxy2/jdk.proxy2.$Proxy29.isDisplayed(Unknown Source)
at org.openqa.selenium.support.ui.ExpectedConditions.elementIfVisible(ExpectedConditions.java:304)
at org.openqa.selenium.support.ui.ExpectedConditions$10.apply(ExpectedConditions.java:290)
at org.openqa.selenium.support.ui.ExpectedConditions$10.apply(ExpectedConditions.java:287)
at org.openqa.selenium.support.ui.FluentWait.until(FluentWait.java:203)
... 29 more
... Removed 28 stack frames]]>
    </failure>
  </testcase> <!-- registerWithEmptyConfirmPasswordField -->
  <testcase classname="tests.negativeTests.RegisterInvalidTests" name="registerWithEmptyCredentials" time="0.322"/>
  <testcase classname="tests.negativeTests.RegisterInvalidTests" name="registerWithEmptyEmailField" time="40.754"/>
  <testcase classname="tests.negativeTests.RegisterInvalidTests" name="registerWithEmptyFirstNameField" time="40.897"/>
  <testcase classname="tests.negativeTests.RegisterInvalidTests" name="registerWithEmptyLastNameField" time="40.825"/>
  <testcase classname="tests.negativeTests.RegisterInvalidTests" name="registerWithEmptyPasswordField" time="30.845"/>
  <testcase classname="tests.positiveTests.LoginPositiveTest" name="loginWithValidCredentialsShouldSucceed" time="1.192"/>
  <testcase classname="tests.negativeTests.LoginInvalidTests" name="loginWithInvalidCredentialsTest" time="0.986"/>
  <testcase classname="tests.negativeTests.LoginInvalidTests" name="loginWithInvalidCredentialsTest" time="0.887"/>
  <testcase classname="tests.negativeTests.LoginInvalidTests" name="loginWithInvalidCredentialsTest" time="0.909"/>
  <testcase classname="tests.negativeTests.LoginInvalidTests" name="loginWithInvalidCredentialsTest" time="0.889"/>
  <testcase classname="tests.negativeTests.LoginInvalidTests" name="loginWithInvalidCredentialsTest" time="0.85"/>
  <testcase classname="tests.negativeTests.LoginInvalidTests" name="loginWithInvalidCredentialsTest" time="0.963"/>
  <testcase classname="tests.negativeTests.LoginInvalidTests" name="loginWithInvalidCredentialsTest" time="0.949"/>
  <testcase classname="tests.negativeTests.LoginInvalidTests" name="loginWithInvalidCredentialsTest" time="1.184"/>
  <testcase classname="tests.negativeTests.LoginInvalidTests" name="loginWithInvalidCredentialsTest" time="0.878"/>
  <testcase classname="tests.negativeTests.LoginInvalidTests" name="loginWithInvalidCredentialsTest" time="0.891"/>
  <testcase classname="tests.negativeTests.LoginInvalidTests" name="loginWithInvalidCredentialsTest" time="0.897"/>
  <testcase classname="tests.positiveTests.AddProductToCartAfterLoginTest" name="addOneProductToCart_ValidProduct" time="1.117"/>
  <testcase classname="tests.positiveTests.EndToEndShoppingFlowAfterRegistrationTest" name="checkConfirmOrderDetailsAfterRegistration" time="17.813"/>
  <testcase classname="tests.positiveTests.EndToEndShoppingFlowAfterRegistrationTest" name="selectPaymentMethodAfterRegistration" time="5.815"/>
  <testcase classname="tests.positiveTests.EndToEndShoppingFlowAfterRegistrationTest" name="selectShippingMethodAfterRegistration" time="5.209"/>
  <testcase classname="tests.positiveTests.EndToEndShoppingFlowAfterRegistrationTest" name="shouldDisplayCorrectProductDetailsAfterRegistration" time="1.542"/>
  <testcase classname="tests.positiveTests.EndToEndShoppingFlowAfterRegistrationTest" name="shouldEstimateShippingAndDisplayCorrectTotalsAfterRegistration" time="3.604"/>
  <testcase classname="tests.positiveTests.EndToEndShoppingFlowAfterRegistrationTest" name="shouldVerifyPrefilledBillingFieldsAndEnterRemainingInformationAfterRegistration" time="5.238"/>
  <testcase classname="tests.positiveTests.EndToEndShoppingFlowAfterRegistrationTest" name="verifyOrderCompletionAfterRegistration" time="17.514"/>
  <testcase classname="tests.positiveTests.EndToEndShoppingFlowAfterRegistrationTest" name="verifyPaymentInformationAfterRegistration" time="6.766"/>
  <testcase classname="tests.positiveTests.EndToEndShoppingFlowAfterRegistrationTest" name="verifyPrefilledShippingInformationAfterRegistration" time="4.954"/>
  <testcase classname="tests.positiveTests.EndToEndShoppingFlowAfterLoginTest" name="checkConfirmOrderDetailsAfterLogin" time="16.903"/>
  <testcase classname="tests.positiveTests.EndToEndShoppingFlowAfterLoginTest" name="selectPaymentMethodAfterLogin" time="5.373"/>
  <testcase classname="tests.positiveTests.EndToEndShoppingFlowAfterLoginTest" name="selectShippingMethodAfterLogin" time="4.642"/>
  <testcase classname="tests.positiveTests.EndToEndShoppingFlowAfterLoginTest" name="shouldDisplayCorrectProductDetailsAfterLogin" time="1.557"/>
  <testcase classname="tests.positiveTests.EndToEndShoppingFlowAfterLoginTest" name="shouldEstimateShippingAndDisplayCorrectTotalsAfterLogin" time="2.846"/>
  <testcase classname="tests.positiveTests.EndToEndShoppingFlowAfterLoginTest" name="shouldVerifyPrefilledBillingFieldsAfterLogin" time="3.465"/>
  <testcase classname="tests.positiveTests.EndToEndShoppingFlowAfterLoginTest" name="testSubmitOrderAndCheckoutUrl" time="2.791"/>
  <testcase classname="tests.positiveTests.EndToEndShoppingFlowAfterLoginTest" name="verifyOrderCompletionAfterLogin" time="17.534"/>
  <testcase classname="tests.positiveTests.EndToEndShoppingFlowAfterLoginTest" name="verifyPaymentInformationAfterLogin" time="6.078"/>
  <testcase classname="tests.positiveTests.EndToEndShoppingFlowAfterLoginTest" name="verifyPrefilledShippingInformationAfterLogin" time="3.964"/>
</testsuite> <!-- Test -->
