<!DOCTYPE html PUBLIC "-//W3C//DTD XHTML 1.1//EN" "https://www.w3.org/TR/xhtml11/DTD/xhtml11.dtd">
<html xmlns="https://www.w3.org/1999/xhtml">
<head>
<meta http-equiv="content-type" content="text/html; charset=UTF-8"/>
<title>TestNG Report</title>
<style type="text/css">table {margin-bottom:10px;border-collapse:collapse;empty-cells:show}th,td {border:1px solid #009;padding:.25em .5em}th {vertical-align:bottom}td {vertical-align:top}table a {font-weight:bold}.stripe td {background-color: #E6EBF9}.num {text-align:right}.passedodd td {background-color: #3F3}.passedeven td {background-color: #0A0}.skippedodd td {background-color: #DDD}.skippedeven td {background-color: #CCC}.failedodd td,.attn {background-color: #F33}.failedeven td,.stripe .attn {background-color: #D00}.stacktrace {white-space:pre;font-family:monospace}.totop {font-size:85%;text-align:center;border-bottom:2px solid #000}.invisible {display:none}</style>
</head>
<body>
<table>
<tr><th>Test</th><th># Passed</th><th># Skipped</th><th># Retried</th><th># Failed</th><th>Time (ms)</th><th>Included Groups</th><th>Excluded Groups</th></tr>
<tr><th colspan="8">Suite</th></tr>
<tr><td><a href="#t0">Test</a></td><td class="num">38</td><td class="num">0</td><td class="num attn">3</td><td class="num attn">1</td><td class="num">614Â 040</td><td></td><td></td></tr>
</table>
<table id='summary'><thead><tr><th>Class</th><th>Method</th><th>Start</th><th>Time (ms)</th></tr></thead><tbody><tr><th colspan="4">Suite</th></tr></tbody><tbody id="t0"><tr><th colspan="4">Test &#8212; failed</th></tr><tr class="failedeven"><td rowspan="1">tests.negativeTests.RegisterInvalidTests</td><td><a href="#m0">registerWithEmptyConfirmPasswordField</a></td><td rowspan="1">1752403472943</td><td rowspan="1">31260</td></tr><tr><th colspan="4">Test &#8212; retried</th></tr><tr class="retriedeven"><td rowspan="3">tests.negativeTests.RegisterInvalidTests</td><td><a href="#m1">registerWithEmptyConfirmPasswordField</a></td><td rowspan="3">1752403439558</td><td rowspan="3">31320</td></tr><tr class="retriedeven"><td><a href="#m2">registerWithEmptyConfirmPasswordField</a></td></tr><tr class="retriedeven"><td><a href="#m3">registerWithEmptyConfirmPasswordField</a></td></tr><tr><th colspan="4">Test &#8212; passed</th></tr><tr class="passedeven"><td rowspan="11">tests.negativeTests.LoginInvalidTests</td><td><a href="#m4">loginWithInvalidCredentialsTest</a></td><td rowspan="11">1752403690803</td><td rowspan="11">938</td></tr><tr class="passedeven"><td><a href="#m5">loginWithInvalidCredentialsTest</a></td></tr><tr class="passedeven"><td><a href="#m6">loginWithInvalidCredentialsTest</a></td></tr><tr class="passedeven"><td><a href="#m7">loginWithInvalidCredentialsTest</a></td></tr><tr class="passedeven"><td><a href="#m8">loginWithInvalidCredentialsTest</a></td></tr><tr class="passedeven"><td><a href="#m9">loginWithInvalidCredentialsTest</a></td></tr><tr class="passedeven"><td><a href="#m10">loginWithInvalidCredentialsTest</a></td></tr><tr class="passedeven"><td><a href="#m11">loginWithInvalidCredentialsTest</a></td></tr><tr class="passedeven"><td><a href="#m12">loginWithInvalidCredentialsTest</a></td></tr><tr class="passedeven"><td><a href="#m13">loginWithInvalidCredentialsTest</a></td></tr><tr class="passedeven"><td><a href="#m14">loginWithInvalidCredentialsTest</a></td></tr><tr class="passedodd"><td rowspan="5">tests.negativeTests.RegisterInvalidTests</td><td><a href="#m15">registerWithEmptyCredentials</a></td><td rowspan="1">1752403506365</td><td rowspan="1">342</td></tr><tr class="passedodd"><td><a href="#m16">registerWithEmptyEmailField</a></td><td rowspan="1">1752403509056</td><td rowspan="1">40946</td></tr><tr class="passedodd"><td><a href="#m17">registerWithEmptyFirstNameField</a></td><td rowspan="1">1752403552062</td><td rowspan="1">40786</td></tr><tr class="passedodd"><td><a href="#m18">registerWithEmptyLastNameField</a></td><td rowspan="1">1752403594958</td><td rowspan="1">40853</td></tr><tr class="passedodd"><td><a href="#m19">registerWithEmptyPasswordField</a></td><td rowspan="1">1752403638001</td><td rowspan="1">30762</td></tr><tr class="passedeven"><td rowspan="1">tests.positiveTests.AddProductToCartAfterLoginTest</td><td><a href="#m20">addOneProductToCart_ValidProduct</a></td><td rowspan="1">1752403707018</td><td rowspan="1">1136</td></tr><tr class="passedodd"><td rowspan="10">tests.positiveTests.EndToEndShoppingFlowAfterLoginTest</td><td><a href="#m21">checkConfirmOrderDetailsAfterLogin</a></td><td rowspan="1">1752403832225</td><td rowspan="1">6933</td></tr><tr class="passedodd"><td><a href="#m22">selectPaymentMethodAfterLogin</a></td><td rowspan="1">1752403865771</td><td rowspan="1">5226</td></tr><tr class="passedodd"><td><a href="#m23">selectShippingMethodAfterLogin</a></td><td rowspan="1">1752403876525</td><td rowspan="1">4574</td></tr><tr class="passedodd"><td><a href="#m24">shouldDisplayCorrectProductDetailsAfterLogin</a></td><td rowspan="1">1752403886608</td><td rowspan="1">1506</td></tr><tr class="passedodd"><td><a href="#m25">shouldEstimateShippingAndDisplayCorrectTotalsAfterLogin</a></td><td rowspan="1">1752403893563</td><td rowspan="1">2814</td></tr><tr class="passedodd"><td><a href="#m26">shouldVerifyPrefilledBillingFieldsAfterLogin</a></td><td rowspan="1">1752403901835</td><td rowspan="1">3426</td></tr><tr class="passedodd"><td><a href="#m27">testSubmitOrderAndCheckoutUrl</a></td><td rowspan="1">1752403910735</td><td rowspan="1">2715</td></tr><tr class="passedodd"><td><a href="#m28">verifyOrderCompletionAfterLogin</a></td><td rowspan="1">1752403919119</td><td rowspan="1">16833</td></tr><tr class="passedodd"><td><a href="#m29">verifyPaymentInformationAfterLogin</a></td><td rowspan="1">1752403961140</td><td rowspan="1">6016</td></tr><tr class="passedodd"><td><a href="#m30">verifyPrefilledShippingInformationAfterLogin</a></td><td rowspan="1">1752403973682</td><td rowspan="1">4255</td></tr><tr class="passedeven"><td rowspan="9">tests.positiveTests.EndToEndShoppingFlowAfterRegistrationTest</td><td><a href="#m31">checkConfirmOrderDetailsAfterRegistration</a></td><td rowspan="1">1752403714887</td><td rowspan="1">17410</td></tr><tr class="passedeven"><td><a href="#m32">selectPaymentMethodAfterRegistration</a></td><td rowspan="1">1752403738408</td><td rowspan="1">6148</td></tr><tr class="passedeven"><td><a href="#m33">selectShippingMethodAfterRegistration</a></td><td rowspan="1">1752403750070</td><td rowspan="1">5333</td></tr><tr class="passedeven"><td><a href="#m34">shouldDisplayCorrectProductDetailsAfterRegistration</a></td><td rowspan="1">1752403760780</td><td rowspan="1">1518</td></tr><tr class="passedeven"><td><a href="#m35">shouldEstimateShippingAndDisplayCorrectTotalsAfterRegistration</a></td><td rowspan="1">1752403767639</td><td rowspan="1">3544</td></tr><tr class="passedeven"><td><a href="#m36">shouldVerifyPrefilledBillingFieldsAndEnterRemainingInformationAfterRegistration</a></td><td rowspan="1">1752403776620</td><td rowspan="1">4684</td></tr><tr class="passedeven"><td><a href="#m37">verifyOrderCompletionAfterRegistration</a></td><td rowspan="1">1752403786613</td><td rowspan="1">17452</td></tr><tr class="passedeven"><td><a href="#m38">verifyPaymentInformationAfterRegistration</a></td><td rowspan="1">1752403809569</td><td rowspan="1">6250</td></tr><tr class="passedeven"><td><a href="#m39">verifyPrefilledShippingInformationAfterRegistration</a></td><td rowspan="1">1752403821579</td><td rowspan="1">5053</td></tr><tr class="passedodd"><td rowspan="1">tests.positiveTests.LoginPositiveTest</td><td><a href="#m40">loginWithValidCredentialsShouldSucceed</a></td><td rowspan="1">1752403670985</td><td rowspan="1">1054</td></tr><tr class="passedeven"><td rowspan="1">tests.positiveTests.RegisterValidTest</td><td><a href="#m41">testValidRegistration</a></td><td rowspan="1">1752403366905</td><td rowspan="1">2093</td></tr></tbody>
</table>
<h2>Test</h2><h3 id="m0">tests.negativeTests.RegisterInvalidTests#registerWithEmptyConfirmPasswordField</h3><table class="result"><tr><th>Exception</th></tr><tr><td><div class="stacktrace">org.openqa.selenium.TimeoutException: Expected condition failed: waiting for visibility of Proxy element for: DefaultElementLocator &apos;By.cssSelector: span[data-valmsg-for=&apos;ConfirmPassword&apos;] &gt; span&apos; (tried for 10 second(s) with 500 milliseconds interval)
	at org.openqa.selenium.support.ui.WebDriverWait.timeoutException(WebDriverWait.java:84)
	at org.openqa.selenium.support.ui.FluentWait.until(FluentWait.java:228)
	at demowebshop.base.BasePage.waitForElementToBeVisible(BasePage.java:63)
	at pages.RegisterPage.getConfirmPasswordWarningMessageText(RegisterPage.java:184)
	at tests.negativeTests.RegisterInvalidTests.registerWithEmptyConfirmPasswordField(RegisterInvalidTests.java:188)
	at java.base/java.util.ArrayList.forEach(ArrayList.java:1597)
Caused by: org.openqa.selenium.NoSuchElementException: no such element: Unable to locate element: {&quot;method&quot;:&quot;css selector&quot;,&quot;selector&quot;:&quot;span[data-valmsg-for=&apos;ConfirmPassword&apos;] &gt; span&quot;}
  (Session info: chrome=138.0.7204.101)
For documentation on this error, please visit: https://www.selenium.dev/documentation/webdriver/troubleshooting/errors#no-such-element-exception
Build info: version: &apos;4.34.0&apos;, revision: &apos;707dcb4246*&apos;
System info: os.name: &apos;Windows 11&apos;, os.arch: &apos;amd64&apos;, os.version: &apos;10.0&apos;, java.version: &apos;23.0.1&apos;
Driver info: org.openqa.selenium.chrome.ChromeDriver
Command: [9029a39cffb491245cf2964a472f9271, findElement {using=css selector, value=span[data-valmsg-for=&apos;ConfirmPassword&apos;] &gt; span}]
Capabilities {acceptInsecureCerts: false, browserName: chrome, browserVersion: 138.0.7204.101, chrome: {chromedriverVersion: 138.0.7204.94 (545025748884..., userDataDir: C:\Users\Veronika\AppData\L...}, fedcm:accounts: true, goog:chromeOptions: {debuggerAddress: localhost:50281}, networkConnectionEnabled: false, pageLoadStrategy: normal, platformName: windows, proxy: Proxy(), se:cdp: ws://localhost:50281/devtoo..., se:cdpVersion: 138.0.7204.101, setWindowRect: true, strictFileInteractability: false, timeouts: {implicit: 0, pageLoad: 300000, script: 30000}, unhandledPromptBehavior: dismiss and notify, webauthn:extension:credBlob: true, webauthn:extension:largeBlob: true, webauthn:extension:minPinLength: true, webauthn:extension:prf: true, webauthn:virtualAuthenticators: true}
Session ID: 9029a39cffb491245cf2964a472f9271
	at org.openqa.selenium.remote.ErrorCodec.decode(ErrorCodec.java:167)
	at org.openqa.selenium.remote.codec.w3c.W3CHttpResponseCodec.decode(W3CHttpResponseCodec.java:138)
	at org.openqa.selenium.remote.codec.w3c.W3CHttpResponseCodec.decode(W3CHttpResponseCodec.java:50)
	at org.openqa.selenium.remote.HttpCommandExecutor.execute(HttpCommandExecutor.java:215)
	at org.openqa.selenium.remote.service.DriverCommandExecutor.invokeExecute(DriverCommandExecutor.java:216)
	at org.openqa.selenium.remote.service.DriverCommandExecutor.execute(DriverCommandExecutor.java:174)
	at org.openqa.selenium.remote.RemoteWebDriver.execute(RemoteWebDriver.java:544)
	at org.openqa.selenium.remote.ElementLocation$ElementFinder$2.findElement(ElementLocation.java:165)
	at org.openqa.selenium.remote.ElementLocation.findElement(ElementLocation.java:59)
	at org.openqa.selenium.remote.RemoteWebDriver.findElement(RemoteWebDriver.java:367)
	at org.openqa.selenium.remote.RemoteWebDriver.findElement(RemoteWebDriver.java:361)
	at org.openqa.selenium.support.pagefactory.DefaultElementLocator.findElement(DefaultElementLocator.java:68)
	at org.openqa.selenium.support.pagefactory.internal.LocatingElementHandler.invoke(LocatingElementHandler.java:38)
	at jdk.proxy2/jdk.proxy2.$Proxy28.isDisplayed(Unknown Source)
	at org.openqa.selenium.support.ui.ExpectedConditions.elementIfVisible(ExpectedConditions.java:304)
	at org.openqa.selenium.support.ui.ExpectedConditions$10.apply(ExpectedConditions.java:290)
	at org.openqa.selenium.support.ui.ExpectedConditions$10.apply(ExpectedConditions.java:287)
	at org.openqa.selenium.support.ui.FluentWait.until(FluentWait.java:203)
	... 29 more
... Removed 28 stack frames</div></td></tr></table><p class="totop"><a href="#summary">back to summary</a></p>
<h3 id="m1">tests.negativeTests.RegisterInvalidTests#registerWithEmptyConfirmPasswordField</h3><table class="result"><tr><th>Exception</th></tr><tr><td><div class="stacktrace">org.openqa.selenium.TimeoutException: Expected condition failed: waiting for visibility of Proxy element for: DefaultElementLocator &apos;By.cssSelector: span[data-valmsg-for=&apos;ConfirmPassword&apos;] &gt; span&apos; (tried for 10 second(s) with 500 milliseconds interval)
	at org.openqa.selenium.support.ui.WebDriverWait.timeoutException(WebDriverWait.java:84)
	at org.openqa.selenium.support.ui.FluentWait.until(FluentWait.java:228)
	at demowebshop.base.BasePage.waitForElementToBeVisible(BasePage.java:63)
	at pages.RegisterPage.getConfirmPasswordWarningMessageText(RegisterPage.java:184)
	at tests.negativeTests.RegisterInvalidTests.registerWithEmptyConfirmPasswordField(RegisterInvalidTests.java:188)
	at java.base/java.util.ArrayList.forEach(ArrayList.java:1597)
Caused by: org.openqa.selenium.NoSuchElementException: no such element: Unable to locate element: {&quot;method&quot;:&quot;css selector&quot;,&quot;selector&quot;:&quot;span[data-valmsg-for=&apos;ConfirmPassword&apos;] &gt; span&quot;}
  (Session info: chrome=138.0.7204.101)
For documentation on this error, please visit: https://www.selenium.dev/documentation/webdriver/troubleshooting/errors#no-such-element-exception
Build info: version: &apos;4.34.0&apos;, revision: &apos;707dcb4246*&apos;
System info: os.name: &apos;Windows 11&apos;, os.arch: &apos;amd64&apos;, os.version: &apos;10.0&apos;, java.version: &apos;23.0.1&apos;
Driver info: org.openqa.selenium.chrome.ChromeDriver
Command: [ddcab711bc8c63a60691e87ac85c6f95, findElement {using=css selector, value=span[data-valmsg-for=&apos;ConfirmPassword&apos;] &gt; span}]
Capabilities {acceptInsecureCerts: false, browserName: chrome, browserVersion: 138.0.7204.101, chrome: {chromedriverVersion: 138.0.7204.94 (545025748884..., userDataDir: C:\Users\Veronika\AppData\L...}, fedcm:accounts: true, goog:chromeOptions: {debuggerAddress: localhost:50179}, networkConnectionEnabled: false, pageLoadStrategy: normal, platformName: windows, proxy: Proxy(), se:cdp: ws://localhost:50179/devtoo..., se:cdpVersion: 138.0.7204.101, setWindowRect: true, strictFileInteractability: false, timeouts: {implicit: 0, pageLoad: 300000, script: 30000}, unhandledPromptBehavior: dismiss and notify, webauthn:extension:credBlob: true, webauthn:extension:largeBlob: true, webauthn:extension:minPinLength: true, webauthn:extension:prf: true, webauthn:virtualAuthenticators: true}
Session ID: ddcab711bc8c63a60691e87ac85c6f95
	at org.openqa.selenium.remote.ErrorCodec.decode(ErrorCodec.java:167)
	at org.openqa.selenium.remote.codec.w3c.W3CHttpResponseCodec.decode(W3CHttpResponseCodec.java:138)
	at org.openqa.selenium.remote.codec.w3c.W3CHttpResponseCodec.decode(W3CHttpResponseCodec.java:50)
	at org.openqa.selenium.remote.HttpCommandExecutor.execute(HttpCommandExecutor.java:215)
	at org.openqa.selenium.remote.service.DriverCommandExecutor.invokeExecute(DriverCommandExecutor.java:216)
	at org.openqa.selenium.remote.service.DriverCommandExecutor.execute(DriverCommandExecutor.java:174)
	at org.openqa.selenium.remote.RemoteWebDriver.execute(RemoteWebDriver.java:544)
	at org.openqa.selenium.remote.ElementLocation$ElementFinder$2.findElement(ElementLocation.java:165)
	at org.openqa.selenium.remote.ElementLocation.findElement(ElementLocation.java:59)
	at org.openqa.selenium.remote.RemoteWebDriver.findElement(RemoteWebDriver.java:367)
	at org.openqa.selenium.remote.RemoteWebDriver.findElement(RemoteWebDriver.java:361)
	at org.openqa.selenium.support.pagefactory.DefaultElementLocator.findElement(DefaultElementLocator.java:68)
	at org.openqa.selenium.support.pagefactory.internal.LocatingElementHandler.invoke(LocatingElementHandler.java:38)
	at jdk.proxy2/jdk.proxy2.$Proxy28.isDisplayed(Unknown Source)
	at org.openqa.selenium.support.ui.ExpectedConditions.elementIfVisible(ExpectedConditions.java:304)
	at org.openqa.selenium.support.ui.ExpectedConditions$10.apply(ExpectedConditions.java:290)
	at org.openqa.selenium.support.ui.ExpectedConditions$10.apply(ExpectedConditions.java:287)
	at org.openqa.selenium.support.ui.FluentWait.until(FluentWait.java:203)
	... 29 more
... Removed 28 stack frames</div></td></tr></table><p class="totop"><a href="#summary">back to summary</a></p>
<h3 id="m2">tests.negativeTests.RegisterInvalidTests#registerWithEmptyConfirmPasswordField</h3><table class="result"><tr><th>Exception</th></tr><tr><td><div class="stacktrace">org.openqa.selenium.TimeoutException: Expected condition failed: waiting for visibility of Proxy element for: DefaultElementLocator &apos;By.cssSelector: span[data-valmsg-for=&apos;ConfirmPassword&apos;] &gt; span&apos; (tried for 10 second(s) with 500 milliseconds interval)
	at org.openqa.selenium.support.ui.WebDriverWait.timeoutException(WebDriverWait.java:84)
	at org.openqa.selenium.support.ui.FluentWait.until(FluentWait.java:228)
	at demowebshop.base.BasePage.waitForElementToBeVisible(BasePage.java:63)
	at pages.RegisterPage.getConfirmPasswordWarningMessageText(RegisterPage.java:184)
	at tests.negativeTests.RegisterInvalidTests.registerWithEmptyConfirmPasswordField(RegisterInvalidTests.java:188)
	at java.base/java.util.ArrayList.forEach(ArrayList.java:1597)
Caused by: org.openqa.selenium.NoSuchElementException: no such element: Unable to locate element: {&quot;method&quot;:&quot;css selector&quot;,&quot;selector&quot;:&quot;span[data-valmsg-for=&apos;ConfirmPassword&apos;] &gt; span&quot;}
  (Session info: chrome=138.0.7204.101)
For documentation on this error, please visit: https://www.selenium.dev/documentation/webdriver/troubleshooting/errors#no-such-element-exception
Build info: version: &apos;4.34.0&apos;, revision: &apos;707dcb4246*&apos;
System info: os.name: &apos;Windows 11&apos;, os.arch: &apos;amd64&apos;, os.version: &apos;10.0&apos;, java.version: &apos;23.0.1&apos;
Driver info: org.openqa.selenium.chrome.ChromeDriver
Command: [34369d3a7e37bbeea5efef9cabc5136d, findElement {using=css selector, value=span[data-valmsg-for=&apos;ConfirmPassword&apos;] &gt; span}]
Capabilities {acceptInsecureCerts: false, browserName: chrome, browserVersion: 138.0.7204.101, chrome: {chromedriverVersion: 138.0.7204.94 (545025748884..., userDataDir: C:\Users\Veronika\AppData\L...}, fedcm:accounts: true, goog:chromeOptions: {debuggerAddress: localhost:50083}, networkConnectionEnabled: false, pageLoadStrategy: normal, platformName: windows, proxy: Proxy(), se:cdp: ws://localhost:50083/devtoo..., se:cdpVersion: 138.0.7204.101, setWindowRect: true, strictFileInteractability: false, timeouts: {implicit: 0, pageLoad: 300000, script: 30000}, unhandledPromptBehavior: dismiss and notify, webauthn:extension:credBlob: true, webauthn:extension:largeBlob: true, webauthn:extension:minPinLength: true, webauthn:extension:prf: true, webauthn:virtualAuthenticators: true}
Session ID: 34369d3a7e37bbeea5efef9cabc5136d
	at org.openqa.selenium.remote.ErrorCodec.decode(ErrorCodec.java:167)
	at org.openqa.selenium.remote.codec.w3c.W3CHttpResponseCodec.decode(W3CHttpResponseCodec.java:138)
	at org.openqa.selenium.remote.codec.w3c.W3CHttpResponseCodec.decode(W3CHttpResponseCodec.java:50)
	at org.openqa.selenium.remote.HttpCommandExecutor.execute(HttpCommandExecutor.java:215)
	at org.openqa.selenium.remote.service.DriverCommandExecutor.invokeExecute(DriverCommandExecutor.java:216)
	at org.openqa.selenium.remote.service.DriverCommandExecutor.execute(DriverCommandExecutor.java:174)
	at org.openqa.selenium.remote.RemoteWebDriver.execute(RemoteWebDriver.java:544)
	at org.openqa.selenium.remote.ElementLocation$ElementFinder$2.findElement(ElementLocation.java:165)
	at org.openqa.selenium.remote.ElementLocation.findElement(ElementLocation.java:59)
	at org.openqa.selenium.remote.RemoteWebDriver.findElement(RemoteWebDriver.java:367)
	at org.openqa.selenium.remote.RemoteWebDriver.findElement(RemoteWebDriver.java:361)
	at org.openqa.selenium.support.pagefactory.DefaultElementLocator.findElement(DefaultElementLocator.java:68)
	at org.openqa.selenium.support.pagefactory.internal.LocatingElementHandler.invoke(LocatingElementHandler.java:38)
	at jdk.proxy2/jdk.proxy2.$Proxy28.isDisplayed(Unknown Source)
	at org.openqa.selenium.support.ui.ExpectedConditions.elementIfVisible(ExpectedConditions.java:304)
	at org.openqa.selenium.support.ui.ExpectedConditions$10.apply(ExpectedConditions.java:290)
	at org.openqa.selenium.support.ui.ExpectedConditions$10.apply(ExpectedConditions.java:287)
	at org.openqa.selenium.support.ui.FluentWait.until(FluentWait.java:203)
	... 29 more
... Removed 28 stack frames</div></td></tr></table><p class="totop"><a href="#summary">back to summary</a></p>
<h3 id="m3">tests.negativeTests.RegisterInvalidTests#registerWithEmptyConfirmPasswordField</h3><table class="result"><tr><th>Exception</th></tr><tr><td><div class="stacktrace">org.openqa.selenium.TimeoutException: Expected condition failed: waiting for visibility of Proxy element for: DefaultElementLocator &apos;By.cssSelector: span[data-valmsg-for=&apos;ConfirmPassword&apos;] &gt; span&apos; (tried for 10 second(s) with 500 milliseconds interval)
	at org.openqa.selenium.support.ui.WebDriverWait.timeoutException(WebDriverWait.java:84)
	at org.openqa.selenium.support.ui.FluentWait.until(FluentWait.java:228)
	at demowebshop.base.BasePage.waitForElementToBeVisible(BasePage.java:63)
	at pages.RegisterPage.getConfirmPasswordWarningMessageText(RegisterPage.java:184)
	at tests.negativeTests.RegisterInvalidTests.registerWithEmptyConfirmPasswordField(RegisterInvalidTests.java:188)
	at java.base/java.util.ArrayList.forEach(ArrayList.java:1597)
Caused by: org.openqa.selenium.NoSuchElementException: no such element: Unable to locate element: {&quot;method&quot;:&quot;css selector&quot;,&quot;selector&quot;:&quot;span[data-valmsg-for=&apos;ConfirmPassword&apos;] &gt; span&quot;}
  (Session info: chrome=138.0.7204.101)
For documentation on this error, please visit: https://www.selenium.dev/documentation/webdriver/troubleshooting/errors#no-such-element-exception
Build info: version: &apos;4.34.0&apos;, revision: &apos;707dcb4246*&apos;
System info: os.name: &apos;Windows 11&apos;, os.arch: &apos;amd64&apos;, os.version: &apos;10.0&apos;, java.version: &apos;23.0.1&apos;
Driver info: org.openqa.selenium.chrome.ChromeDriver
Command: [8b2894f44df4502e8b2b95281c3d6dbf, findElement {using=css selector, value=span[data-valmsg-for=&apos;ConfirmPassword&apos;] &gt; span}]
Capabilities {acceptInsecureCerts: false, browserName: chrome, browserVersion: 138.0.7204.101, chrome: {chromedriverVersion: 138.0.7204.94 (545025748884..., userDataDir: C:\Users\Veronika\AppData\L...}, fedcm:accounts: true, goog:chromeOptions: {debuggerAddress: localhost:49991}, networkConnectionEnabled: false, pageLoadStrategy: normal, platformName: windows, proxy: Proxy(), se:cdp: ws://localhost:49991/devtoo..., se:cdpVersion: 138.0.7204.101, setWindowRect: true, strictFileInteractability: false, timeouts: {implicit: 0, pageLoad: 300000, script: 30000}, unhandledPromptBehavior: dismiss and notify, webauthn:extension:credBlob: true, webauthn:extension:largeBlob: true, webauthn:extension:minPinLength: true, webauthn:extension:prf: true, webauthn:virtualAuthenticators: true}
Session ID: 8b2894f44df4502e8b2b95281c3d6dbf
	at org.openqa.selenium.remote.ErrorCodec.decode(ErrorCodec.java:167)
	at org.openqa.selenium.remote.codec.w3c.W3CHttpResponseCodec.decode(W3CHttpResponseCodec.java:138)
	at org.openqa.selenium.remote.codec.w3c.W3CHttpResponseCodec.decode(W3CHttpResponseCodec.java:50)
	at org.openqa.selenium.remote.HttpCommandExecutor.execute(HttpCommandExecutor.java:215)
	at org.openqa.selenium.remote.service.DriverCommandExecutor.invokeExecute(DriverCommandExecutor.java:216)
	at org.openqa.selenium.remote.service.DriverCommandExecutor.execute(DriverCommandExecutor.java:174)
	at org.openqa.selenium.remote.RemoteWebDriver.execute(RemoteWebDriver.java:544)
	at org.openqa.selenium.remote.ElementLocation$ElementFinder$2.findElement(ElementLocation.java:165)
	at org.openqa.selenium.remote.ElementLocation.findElement(ElementLocation.java:59)
	at org.openqa.selenium.remote.RemoteWebDriver.findElement(RemoteWebDriver.java:367)
	at org.openqa.selenium.remote.RemoteWebDriver.findElement(RemoteWebDriver.java:361)
	at org.openqa.selenium.support.pagefactory.DefaultElementLocator.findElement(DefaultElementLocator.java:68)
	at org.openqa.selenium.support.pagefactory.internal.LocatingElementHandler.invoke(LocatingElementHandler.java:38)
	at jdk.proxy2/jdk.proxy2.$Proxy28.isDisplayed(Unknown Source)
	at org.openqa.selenium.support.ui.ExpectedConditions.elementIfVisible(ExpectedConditions.java:304)
	at org.openqa.selenium.support.ui.ExpectedConditions$10.apply(ExpectedConditions.java:290)
	at org.openqa.selenium.support.ui.ExpectedConditions$10.apply(ExpectedConditions.java:287)
	at org.openqa.selenium.support.ui.FluentWait.until(FluentWait.java:203)
	... 29 more
... Removed 28 stack frames</div></td></tr></table><p class="totop"><a href="#summary">back to summary</a></p>
<h3 id="m4">tests.negativeTests.LoginInvalidTests#loginWithInvalidCredentialsTest</h3><table class="result"><tr class="param"><th>Parameter #1</th><th>Parameter #2</th><th>Parameter #3</th><th>Parameter #4</th></tr><tr class="param stripe"><td>veronika.test9@test.sk</td><td>PasswordOnly</td><td>Login with valid email + password missing digits</td><td>[The credentials provided are incorrect]</td></tr></table><p class="totop"><a href="#summary">back to summary</a></p>
<h3 id="m5">tests.negativeTests.LoginInvalidTests#loginWithInvalidCredentialsTest</h3><table class="result"><tr class="param"><th>Parameter #1</th><th>Parameter #2</th><th>Parameter #3</th><th>Parameter #4</th></tr><tr class="param stripe"><td>veronika.test9@test.sk</td><td>12345678</td><td>Login with valid email + password missing letters</td><td>[The credentials provided are incorrect]</td></tr></table><p class="totop"><a href="#summary">back to summary</a></p>
<h3 id="m6">tests.negativeTests.LoginInvalidTests#loginWithInvalidCredentialsTest</h3><table class="result"><tr class="param"><th>Parameter #1</th><th>Parameter #2</th><th>Parameter #3</th><th>Parameter #4</th></tr><tr class="param stripe"><td></td><td></td><td>Login with empty credentials</td><td>[No customer account found]</td></tr></table><p class="totop"><a href="#summary">back to summary</a></p>
<h3 id="m7">tests.negativeTests.LoginInvalidTests#loginWithInvalidCredentialsTest</h3><table class="result"><tr class="param"><th>Parameter #1</th><th>Parameter #2</th><th>Parameter #3</th><th>Parameter #4</th></tr><tr class="param stripe"><td>veronika.test9@test.sk</td><td></td><td>Login with valid email + empty password</td><td>[The credentials provided are incorrect]</td></tr></table><p class="totop"><a href="#summary">back to summary</a></p>
<h3 id="m8">tests.negativeTests.LoginInvalidTests#loginWithInvalidCredentialsTest</h3><table class="result"><tr class="param"><th>Parameter #1</th><th>Parameter #2</th><th>Parameter #3</th><th>Parameter #4</th></tr><tr class="param stripe"><td>veronika.test9@test.sk</td><td>!@#$%^&amp;*</td><td>Valid email + password with only special characters</td><td>[The credentials provided are incorrect]</td></tr></table><p class="totop"><a href="#summary">back to summary</a></p>
<h3 id="m9">tests.negativeTests.LoginInvalidTests#loginWithInvalidCredentialsTest</h3><table class="result"><tr class="param"><th>Parameter #1</th><th>Parameter #2</th><th>Parameter #3</th><th>Parameter #4</th></tr><tr class="param stripe"><td>veronika.test9@test.sk</td><td>djf</td><td>Login with valid email + too short password</td><td>[The credentials provided are incorrect]</td></tr></table><p class="totop"><a href="#summary">back to summary</a></p>
<h3 id="m10">tests.negativeTests.LoginInvalidTests#loginWithInvalidCredentialsTest</h3><table class="result"><tr class="param"><th>Parameter #1</th><th>Parameter #2</th><th>Parameter #3</th><th>Parameter #4</th></tr><tr class="param stripe"><td></td><td>Test1234!</td><td>Login with empty email + valid password</td><td>[No customer account found]</td></tr></table><p class="totop"><a href="#summary">back to summary</a></p>
<h3 id="m11">tests.negativeTests.LoginInvalidTests#loginWithInvalidCredentialsTest</h3><table class="result"><tr class="param"><th>Parameter #1</th><th>Parameter #2</th><th>Parameter #3</th><th>Parameter #4</th></tr><tr class="param stripe"><td>veronika.test9@test.sk</td><td>        </td><td>Valid email + password with only spaces</td><td>[The credentials provided are incorrect]</td></tr></table><p class="totop"><a href="#summary">back to summary</a></p>
<h3 id="m12">tests.negativeTests.LoginInvalidTests#loginWithInvalidCredentialsTest</h3><table class="result"><tr class="param"><th>Parameter #1</th><th>Parameter #2</th><th>Parameter #3</th><th>Parameter #4</th></tr><tr class="param stripe"><td>veron@tes.sk</td><td>1254</td><td>Login with invalid email format + invalid too short password</td><td>[No customer account found]</td></tr></table><p class="totop"><a href="#summary">back to summary</a></p>
<h3 id="m13">tests.negativeTests.LoginInvalidTests#loginWithInvalidCredentialsTest</h3><table class="result"><tr class="param"><th>Parameter #1</th><th>Parameter #2</th><th>Parameter #3</th><th>Parameter #4</th></tr><tr class="param stripe"><td>veronika.test9@test.sk</td><td>aaaaaaaaaaaaaaaaaaaaaaaaaaaaaaaaaaaaaaaaaaaaaaaaaaaaaaaaaaaaaaaaaaaaaaaaaaaaaaaaaaaaaaaaaaaaaaaaaaaaa</td><td>Login with valid email + too long password</td><td>[The credentials provided are incorrect]</td></tr></table><p class="totop"><a href="#summary">back to summary</a></p>
<h3 id="m14">tests.negativeTests.LoginInvalidTests#loginWithInvalidCredentialsTest</h3><table class="result"><tr class="param"><th>Parameter #1</th><th>Parameter #2</th><th>Parameter #3</th><th>Parameter #4</th></tr><tr class="param stripe"><td>veronika.test9@test.sk</td><td>Tes t12! </td><td>Valid email + password with space inside</td><td>[The credentials provided are incorrect]</td></tr></table><p class="totop"><a href="#summary">back to summary</a></p>
<h3 id="m15">tests.negativeTests.RegisterInvalidTests#registerWithEmptyCredentials</h3><table class="result"><tr><th class="invisible"/></tr></table><p class="totop"><a href="#summary">back to summary</a></p>
<h3 id="m16">tests.negativeTests.RegisterInvalidTests#registerWithEmptyEmailField</h3><table class="result"><tr><th class="invisible"/></tr></table><p class="totop"><a href="#summary">back to summary</a></p>
<h3 id="m17">tests.negativeTests.RegisterInvalidTests#registerWithEmptyFirstNameField</h3><table class="result"><tr><th class="invisible"/></tr></table><p class="totop"><a href="#summary">back to summary</a></p>
<h3 id="m18">tests.negativeTests.RegisterInvalidTests#registerWithEmptyLastNameField</h3><table class="result"><tr><th class="invisible"/></tr></table><p class="totop"><a href="#summary">back to summary</a></p>
<h3 id="m19">tests.negativeTests.RegisterInvalidTests#registerWithEmptyPasswordField</h3><table class="result"><tr><th class="invisible"/></tr></table><p class="totop"><a href="#summary">back to summary</a></p>
<h3 id="m20">tests.positiveTests.AddProductToCartAfterLoginTest#addOneProductToCart_ValidProduct</h3><table class="result"><tr><th class="invisible"/></tr></table><p class="totop"><a href="#summary">back to summary</a></p>
<h3 id="m21">tests.positiveTests.EndToEndShoppingFlowAfterLoginTest#checkConfirmOrderDetailsAfterLogin</h3><table class="result"><tr><th class="invisible"/></tr></table><p class="totop"><a href="#summary">back to summary</a></p>
<h3 id="m22">tests.positiveTests.EndToEndShoppingFlowAfterLoginTest#selectPaymentMethodAfterLogin</h3><table class="result"><tr><th class="invisible"/></tr></table><p class="totop"><a href="#summary">back to summary</a></p>
<h3 id="m23">tests.positiveTests.EndToEndShoppingFlowAfterLoginTest#selectShippingMethodAfterLogin</h3><table class="result"><tr><th class="invisible"/></tr></table><p class="totop"><a href="#summary">back to summary</a></p>
<h3 id="m24">tests.positiveTests.EndToEndShoppingFlowAfterLoginTest#shouldDisplayCorrectProductDetailsAfterLogin</h3><table class="result"><tr><th class="invisible"/></tr></table><p class="totop"><a href="#summary">back to summary</a></p>
<h3 id="m25">tests.positiveTests.EndToEndShoppingFlowAfterLoginTest#shouldEstimateShippingAndDisplayCorrectTotalsAfterLogin</h3><table class="result"><tr><th class="invisible"/></tr></table><p class="totop"><a href="#summary">back to summary</a></p>
<h3 id="m26">tests.positiveTests.EndToEndShoppingFlowAfterLoginTest#shouldVerifyPrefilledBillingFieldsAfterLogin</h3><table class="result"><tr><th class="invisible"/></tr></table><p class="totop"><a href="#summary">back to summary</a></p>
<h3 id="m27">tests.positiveTests.EndToEndShoppingFlowAfterLoginTest#testSubmitOrderAndCheckoutUrl</h3><table class="result"><tr><th class="invisible"/></tr></table><p class="totop"><a href="#summary">back to summary</a></p>
<h3 id="m28">tests.positiveTests.EndToEndShoppingFlowAfterLoginTest#verifyOrderCompletionAfterLogin</h3><table class="result"><tr><th class="invisible"/></tr></table><p class="totop"><a href="#summary">back to summary</a></p>
<h3 id="m29">tests.positiveTests.EndToEndShoppingFlowAfterLoginTest#verifyPaymentInformationAfterLogin</h3><table class="result"><tr><th class="invisible"/></tr></table><p class="totop"><a href="#summary">back to summary</a></p>
<h3 id="m30">tests.positiveTests.EndToEndShoppingFlowAfterLoginTest#verifyPrefilledShippingInformationAfterLogin</h3><table class="result"><tr><th class="invisible"/></tr></table><p class="totop"><a href="#summary">back to summary</a></p>
<h3 id="m31">tests.positiveTests.EndToEndShoppingFlowAfterRegistrationTest#checkConfirmOrderDetailsAfterRegistration</h3><table class="result"><tr><th class="invisible"/></tr></table><p class="totop"><a href="#summary">back to summary</a></p>
<h3 id="m32">tests.positiveTests.EndToEndShoppingFlowAfterRegistrationTest#selectPaymentMethodAfterRegistration</h3><table class="result"><tr><th class="invisible"/></tr></table><p class="totop"><a href="#summary">back to summary</a></p>
<h3 id="m33">tests.positiveTests.EndToEndShoppingFlowAfterRegistrationTest#selectShippingMethodAfterRegistration</h3><table class="result"><tr><th class="invisible"/></tr></table><p class="totop"><a href="#summary">back to summary</a></p>
<h3 id="m34">tests.positiveTests.EndToEndShoppingFlowAfterRegistrationTest#shouldDisplayCorrectProductDetailsAfterRegistration</h3><table class="result"><tr><th class="invisible"/></tr></table><p class="totop"><a href="#summary">back to summary</a></p>
<h3 id="m35">tests.positiveTests.EndToEndShoppingFlowAfterRegistrationTest#shouldEstimateShippingAndDisplayCorrectTotalsAfterRegistration</h3><table class="result"><tr><th class="invisible"/></tr></table><p class="totop"><a href="#summary">back to summary</a></p>
<h3 id="m36">tests.positiveTests.EndToEndShoppingFlowAfterRegistrationTest#shouldVerifyPrefilledBillingFieldsAndEnterRemainingInformationAfterRegistration</h3><table class="result"><tr><th class="invisible"/></tr></table><p class="totop"><a href="#summary">back to summary</a></p>
<h3 id="m37">tests.positiveTests.EndToEndShoppingFlowAfterRegistrationTest#verifyOrderCompletionAfterRegistration</h3><table class="result"><tr><th class="invisible"/></tr></table><p class="totop"><a href="#summary">back to summary</a></p>
<h3 id="m38">tests.positiveTests.EndToEndShoppingFlowAfterRegistrationTest#verifyPaymentInformationAfterRegistration</h3><table class="result"><tr><th class="invisible"/></tr></table><p class="totop"><a href="#summary">back to summary</a></p>
<h3 id="m39">tests.positiveTests.EndToEndShoppingFlowAfterRegistrationTest#verifyPrefilledShippingInformationAfterRegistration</h3><table class="result"><tr><th class="invisible"/></tr></table><p class="totop"><a href="#summary">back to summary</a></p>
<h3 id="m40">tests.positiveTests.LoginPositiveTest#loginWithValidCredentialsShouldSucceed</h3><table class="result"><tr><th class="invisible"/></tr></table><p class="totop"><a href="#summary">back to summary</a></p>
<h3 id="m41">tests.positiveTests.RegisterValidTest#testValidRegistration</h3><table class="result"><tr><th class="invisible"/></tr></table><p class="totop"><a href="#summary">back to summary</a></p>
</body>
</html>
